[2023-03-19 15:56:06,937]  - DEBUG - Falling back to TensorFlow client; we recommended you install the Cloud TPU client directly with pip install cloud-tpu-client.
[2023-03-19 15:56:07,267]  - DEBUG - Creating converter from 7 to 5
[2023-03-19 15:56:07,267]  - DEBUG - Creating converter from 5 to 7
[2023-03-19 15:56:07,267]  - DEBUG - Creating converter from 7 to 5
[2023-03-19 15:56:07,267]  - DEBUG - Creating converter from 5 to 7
[2023-03-19 15:56:09,870]  - INFO - configuring all the dataIngestion path variable
[2023-03-19 15:56:09,870]  - INFO - arranging file path of all chrome history csv files in a list!
[2023-03-19 15:56:09,870]  - INFO - successfully configured
[2023-03-19 15:56:09,870]  - INFO - initiating DataIngestion
[2023-03-19 15:56:09,886]  - INFO - Merging all the csv files in one dataframe!
[2023-03-19 15:56:10,136]  - INFO - file size after merged :- (49449, 1)
[2023-03-19 15:56:10,277]  - INFO - initiated DataIngestion
[2023-03-19 15:56:10,277]  - INFO - initiating datavalidation class
[2023-03-19 15:56:10,450]  - INFO - writing Validationroport.yaml file
[2023-03-19 15:56:10,465]  - INFO - initiating the datacleaning instance methods!
[2023-03-19 15:56:10,530]  - INFO - dropping the duplicate history from history
[2023-03-19 15:56:10,539]  - INFO - successfully droped duplicacy, and now size :- (5946, 1)
[2023-03-19 15:56:10,539]  - INFO - remove less lenght and linc history !
[2023-03-19 15:56:10,689]  - INFO - successfully removed less length and linc, and now size :- (4695, 1)
[2023-03-19 15:56:10,690]  - INFO - cleaning unnecessay words and lowerise the sentences
[2023-03-19 15:56:11,378]  - INFO - successfully cleaned the text!
[2023-03-19 15:56:11,378]  - INFO - concatenating entire titles as a single str!
[2023-03-19 15:56:11,419]  - INFO - successfully concated entire text!
[2023-03-19 15:56:11,419]  - INFO - removing unneccessary extra spaces.
[2023-03-19 15:56:11,446]  - INFO - preparing final text data!
[2023-03-19 15:56:11,457]  - INFO - successfully prepared the final text with length :- 221069
[2023-03-19 15:56:11,457]  - INFO - saving the cleaned text file
[2023-03-19 15:56:11,465]  - INFO - successfully saved the cleaned text file !
[2023-03-19 15:56:11,485]  - INFO - read text file from C:\Users\Ranjit Singh\Desktop\Chrome_SearchBar-autoencoder-NLP\artifacts\03192023__155609\datacleaning\cleaned_file\cleaned_text_file.txt
[2023-03-19 15:56:13,821]  - INFO - text_data successfully lemmetized !
[2023-03-19 15:56:13,821]  - INFO - saving the lemmetized file at this position :- C:\Users\Ranjit Singh\Desktop\Chrome_SearchBar-autoencoder-NLP\artifacts\03192023__155609\DataTransformation\lemmetized\lemmetized.txt
[2023-03-19 15:56:13,821]  - INFO - saving the cleaned text file
[2023-03-19 15:56:13,821]  - INFO - successfully saved the cleaned text file !
[2023-03-19 15:56:13,867]  - INFO - saved object file path :- C:\Users\Ranjit Singh\Desktop\Chrome_SearchBar-autoencoder-NLP\artifacts\03192023__155609\DataTransformation\wordindex\word_index.pkl
[2023-03-19 15:56:13,867]  - INFO - word index successfully save at this position :- C:\Users\Ranjit Singh\Desktop\Chrome_SearchBar-autoencoder-NLP\artifacts\03192023__155609\DataTransformation\wordindex\word_index.pkl
[2023-03-19 15:56:13,867]  - INFO - tokenizer successfully fit and saved on this position :- C:\Users\Ranjit Singh\Desktop\Chrome_SearchBar-autoencoder-NLP\artifacts\03192023__155609\DataTransformation\Tokenizer\tokenizer.pkl
