[2023-03-15 21:53:42,676]  - INFO - configuring all the dataIngestion path variable
[2023-03-15 21:53:42,676]  - INFO - arranging file path of all chrome history csv files in a list!
[2023-03-15 21:53:42,676]  - INFO - successfully configured
[2023-03-15 21:53:42,676]  - INFO - initiating DataIngestion
[2023-03-15 21:53:42,676]  - INFO - Merging all the csv files in one dataframe!
[2023-03-15 21:53:43,017]  - INFO - file size after merged :- (49449, 1)
[2023-03-15 21:53:43,165]  - INFO - initiated DataIngestion
[2023-03-15 21:53:43,166]  - INFO - initiating datavalidation class
[2023-03-15 21:53:43,554]  - INFO - writing Validationroport.yaml file
[2023-03-15 21:53:43,564]  - INFO - initiating the datacleaning instance methods!
[2023-03-15 21:53:43,693]  - INFO - dropping the duplicate history from history
[2023-03-15 21:53:43,709]  - INFO - successfully droped duplicacy, and now size :- (5946, 1)
[2023-03-15 21:53:43,709]  - INFO - remove less lenght and linc history !
[2023-03-15 21:53:43,986]  - INFO - successfully removed less length and linc, and now size :- (4695, 1)
[2023-03-15 21:53:43,986]  - INFO - cleaning unnecessay words and lowerise the sentences
[2023-03-15 21:53:44,490]  - INFO - successfully cleaned the text!
[2023-03-15 21:53:44,490]  - INFO - concatenating entire titles as a single str!
[2023-03-15 21:53:44,521]  - INFO - successfully concated entire text!
[2023-03-15 21:53:44,521]  - INFO - removing unneccessary extra spaces.
[2023-03-15 21:53:44,552]  - INFO - preparing final text data!
[2023-03-15 21:53:44,552]  - INFO - successfully prepared the final text with length :- 221069
[2023-03-15 21:53:44,552]  - INFO - saving the cleaned text file
[2023-03-15 21:53:44,568]  - INFO - successfully saved the cleaned text file !
