[2023-03-27 10:17:03,345]  - DEBUG - Falling back to TensorFlow client; we recommended you install the Cloud TPU client directly with pip install cloud-tpu-client.
[2023-03-27 10:17:04,507]  - DEBUG - Creating converter from 7 to 5
[2023-03-27 10:17:04,507]  - DEBUG - Creating converter from 5 to 7
[2023-03-27 10:17:04,507]  - DEBUG - Creating converter from 7 to 5
[2023-03-27 10:17:04,507]  - DEBUG - Creating converter from 5 to 7
[2023-03-27 10:17:10,417]  - INFO - configuring all the dataIngestion path variable
[2023-03-27 10:17:10,417]  - INFO - arranging file path of all chrome history csv files in a list!
[2023-03-27 10:17:10,417]  - INFO - successfully configured
[2023-03-27 10:17:10,417]  - INFO - initiating DataIngestion
[2023-03-27 10:17:10,417]  - INFO - Merging all the csv files in one dataframe!
[2023-03-27 10:17:10,518]  - INFO - file size after merged :- (10399, 1)
[2023-03-27 10:17:10,549]  - INFO - initiated DataIngestion
[2023-03-27 10:17:10,549]  - INFO - initiating datavalidation class
[2023-03-27 10:17:10,632]  - INFO - writing Validationroport.yaml file
[2023-03-27 10:17:10,634]  - INFO - initiating the datacleaning instance methods!
[2023-03-27 10:17:10,650]  - INFO - dropping the duplicate history from history
[2023-03-27 10:17:10,654]  - INFO - successfully droped duplicacy, and now size :- (1328, 1)
[2023-03-27 10:17:10,655]  - INFO - remove less lenght and linc history !
[2023-03-27 10:17:10,687]  - INFO - successfully removed less length and linc, and now size :- (849, 1)
[2023-03-27 10:17:10,688]  - INFO - cleaning unnecessay words and lowerise the sentences
[2023-03-27 10:17:10,782]  - INFO - successfully cleaned the text!
[2023-03-27 10:17:10,782]  - INFO - concatenating entire titles as a single str!
[2023-03-27 10:17:10,795]  - INFO - successfully concated entire text!
[2023-03-27 10:17:10,795]  - INFO - removing unneccessary extra spaces.
[2023-03-27 10:17:10,802]  - INFO - preparing final text data!
[2023-03-27 10:17:10,804]  - INFO - successfully prepared the final text with length :- 35143
[2023-03-27 10:17:10,804]  - INFO - saving the cleaned text file
[2023-03-27 10:17:10,807]  - INFO - successfully saved the cleaned text file !
[2023-03-27 10:17:10,823]  - INFO - read text file from C:\Users\Ranjit Singh\Desktop\coding\Data Scientist\NLP\Chrome_SearchBar-autoencoder-NLP\artifacts\03272023__101710\datacleaning\cleaned_file\cleaned_text_file.txt
[2023-03-27 10:17:14,933]  - INFO - text_data successfully lemmetized !
[2023-03-27 10:17:14,933]  - INFO - saving the lemmetized file at this position :- C:\Users\Ranjit Singh\Desktop\coding\Data Scientist\NLP\Chrome_SearchBar-autoencoder-NLP\artifacts\03272023__101710\DataTransformation\lemmetized\lemmetized.txt
[2023-03-27 10:17:14,933]  - INFO - saving the cleaned text file
[2023-03-27 10:17:14,936]  - INFO - successfully saved the cleaned text file !
[2023-03-27 10:17:14,938]  - INFO - saved object file path :- C:\Users\Ranjit Singh\Desktop\coding\Data Scientist\NLP\Chrome_SearchBar-autoencoder-NLP\artifacts\03272023__101710\DataTransformation\lemmetized\lemmetizer.pkl
[2023-03-27 10:17:14,965]  - INFO - saved object file path :- C:\Users\Ranjit Singh\Desktop\coding\Data Scientist\NLP\Chrome_SearchBar-autoencoder-NLP\artifacts\03272023__101710\DataTransformation\wordindex\word_index.pkl
[2023-03-27 10:17:14,966]  - INFO - word index successfully save at this position :- C:\Users\Ranjit Singh\Desktop\coding\Data Scientist\NLP\Chrome_SearchBar-autoencoder-NLP\artifacts\03272023__101710\DataTransformation\wordindex\word_index.pkl
[2023-03-27 10:17:14,966]  - INFO - no. of unique words :- 1825
[2023-03-27 10:17:14,970]  - INFO - tokenizer successfully fit and saved on this position :- C:\Users\Ranjit Singh\Desktop\coding\Data Scientist\NLP\Chrome_SearchBar-autoencoder-NLP\artifacts\03272023__101710\DataTransformation\Tokenizer\tokenizer.pkl
[2023-03-27 10:17:14,982]  - INFO - saving the cleaned text file
[2023-03-27 10:17:14,984]  - INFO - successfully saved the cleaned text file !
[2023-03-27 10:17:14,985]  - INFO - sequence data textfile successfully saved at this position :- C:\Users\Ranjit Singh\Desktop\coding\Data Scientist\NLP\Chrome_SearchBar-autoencoder-NLP\artifacts\03272023__101710\DataTransformation\SequenceData\sequencedata.txt
[2023-03-27 10:17:14,985]  - INFO - saving transformed data !
[2023-03-27 10:17:14,987]  - INFO - successfully saved sequence numpy array !
[2023-03-27 10:17:15,009]  - INFO - successfully transformed the y_data !
[2023-03-27 10:17:15,011]  - INFO - saved object file path :- C:\Users\Ranjit Singh\Desktop\coding\Data Scientist\NLP\Chrome_SearchBar-autoencoder-NLP\artifacts\03272023__101710\DataTransformation\Trained_data\x_train.pkl
[2023-03-27 10:17:15,130]  - INFO - saved object file path :- C:\Users\Ranjit Singh\Desktop\coding\Data Scientist\NLP\Chrome_SearchBar-autoencoder-NLP\artifacts\03272023__101710\DataTransformation\Trained_data\y_train.pkl
[2023-03-27 10:17:15,131]  - INFO - succesfully saved your trained data at this position :- C:\Users\Ranjit Singh\Desktop\coding\Data Scientist\NLP\Chrome_SearchBar-autoencoder-NLP\artifacts\03272023__101710\DataTransformation\Trained_data
[2023-03-27 10:17:15,143]  - INFO - successfully load the obj :- C:\Users\Ranjit Singh\Desktop\coding\Data Scientist\NLP\Chrome_SearchBar-autoencoder-NLP\artifacts\03272023__101710\DataTransformation\Trained_data\x_train.pkl
[2023-03-27 10:17:15,172]  - INFO - successfully load the obj :- C:\Users\Ranjit Singh\Desktop\coding\Data Scientist\NLP\Chrome_SearchBar-autoencoder-NLP\artifacts\03272023__101710\DataTransformation\Trained_data\y_train.pkl
[2023-03-27 10:17:15,172]  - INFO - successfully loaded data for the training !
[2023-03-27 10:17:22,219]  - INFO - Model has been declared successfully !
[2023-03-27 10:17:59,116]  - DEBUG - Creating converter from 5 to 3
[2023-03-27 10:17:59,344]  - INFO - model trained successfully !
[2023-03-27 10:17:59,346]  - INFO - saved object file path :- C:\Users\Ranjit Singh\Desktop\coding\Data Scientist\NLP\Chrome_SearchBar-autoencoder-NLP\artifacts\03272023__101710\Model\epoch_history\epoch_history.pkl
[2023-03-27 10:17:59,363]  - DEBUG - Creating converter from 3 to 5
[2023-03-27 10:18:05,381]  - INFO - successfully load the obj :- C:\Users\Ranjit Singh\Desktop\coding\Data Scientist\NLP\Chrome_SearchBar-autoencoder-NLP\artifacts\03272023__101710\DataTransformation\Trained_data\x_train.pkl
[2023-03-27 10:18:05,396]  - INFO - successfully load the obj :- C:\Users\Ranjit Singh\Desktop\coding\Data Scientist\NLP\Chrome_SearchBar-autoencoder-NLP\artifacts\03272023__101710\DataTransformation\Trained_data\y_train.pkl
[2023-03-27 10:18:15,619]  - INFO - model evaluted with this accuracy :-3.31 and loss is :- 67.09
[2023-03-27 10:18:15,619]  - INFO - Model is underfit !
