[2023-03-20 00:06:09,429]  - DEBUG - Falling back to TensorFlow client; we recommended you install the Cloud TPU client directly with pip install cloud-tpu-client.
[2023-03-20 00:06:09,759]  - DEBUG - Creating converter from 7 to 5
[2023-03-20 00:06:09,759]  - DEBUG - Creating converter from 5 to 7
[2023-03-20 00:06:09,759]  - DEBUG - Creating converter from 7 to 5
[2023-03-20 00:06:09,759]  - DEBUG - Creating converter from 5 to 7
[2023-03-20 00:06:12,425]  - INFO - configuring all the dataIngestion path variable
[2023-03-20 00:06:12,425]  - INFO - arranging file path of all chrome history csv files in a list!
[2023-03-20 00:06:12,440]  - INFO - successfully configured
[2023-03-20 00:06:12,440]  - INFO - initiating DataIngestion
[2023-03-20 00:06:12,440]  - INFO - Merging all the csv files in one dataframe!
[2023-03-20 00:06:12,706]  - INFO - file size after merged :- (49449, 1)
[2023-03-20 00:06:12,849]  - INFO - initiated DataIngestion
[2023-03-20 00:06:12,849]  - INFO - initiating datavalidation class
[2023-03-20 00:06:13,022]  - INFO - writing Validationroport.yaml file
[2023-03-20 00:06:13,025]  - INFO - initiating the datacleaning instance methods!
[2023-03-20 00:06:13,093]  - INFO - dropping the duplicate history from history
[2023-03-20 00:06:13,103]  - INFO - successfully droped duplicacy, and now size :- (5946, 1)
[2023-03-20 00:06:13,104]  - INFO - remove less lenght and linc history !
[2023-03-20 00:06:13,220]  - INFO - successfully removed less length and linc, and now size :- (4695, 1)
[2023-03-20 00:06:13,236]  - INFO - cleaning unnecessay words and lowerise the sentences
[2023-03-20 00:06:13,631]  - INFO - successfully cleaned the text!
[2023-03-20 00:06:13,631]  - INFO - concatenating entire titles as a single str!
[2023-03-20 00:06:13,772]  - INFO - successfully concated entire text!
[2023-03-20 00:06:13,772]  - INFO - removing unneccessary extra spaces.
[2023-03-20 00:06:13,836]  - INFO - preparing final text data!
[2023-03-20 00:06:13,851]  - INFO - successfully prepared the final text with length :- 221069
[2023-03-20 00:06:13,851]  - INFO - saving the cleaned text file
[2023-03-20 00:06:13,878]  - INFO - successfully saved the cleaned text file !
[2023-03-20 00:06:13,932]  - INFO - read text file from C:\Users\Ranjit Singh\Desktop\Chrome_SearchBar-autoencoder-NLP\artifacts\03202023__000612\datacleaning\cleaned_file\cleaned_text_file.txt
[2023-03-20 00:06:16,015]  - INFO - text_data successfully lemmetized !
[2023-03-20 00:06:16,015]  - INFO - saving the lemmetized file at this position :- C:\Users\Ranjit Singh\Desktop\Chrome_SearchBar-autoencoder-NLP\artifacts\03202023__000612\DataTransformation\lemmetized\lemmetized.txt
[2023-03-20 00:06:16,015]  - INFO - saving the cleaned text file
[2023-03-20 00:06:16,015]  - INFO - successfully saved the cleaned text file !
[2023-03-20 00:06:16,062]  - INFO - saved object file path :- C:\Users\Ranjit Singh\Desktop\Chrome_SearchBar-autoencoder-NLP\artifacts\03202023__000612\DataTransformation\wordindex\word_index.pkl
[2023-03-20 00:06:16,062]  - INFO - word index successfully save at this position :- C:\Users\Ranjit Singh\Desktop\Chrome_SearchBar-autoencoder-NLP\artifacts\03202023__000612\DataTransformation\wordindex\word_index.pkl
[2023-03-20 00:06:16,062]  - INFO - no. of unique words :- 6337
[2023-03-20 00:06:16,078]  - INFO - tokenizer successfully fit and saved on this position :- C:\Users\Ranjit Singh\Desktop\Chrome_SearchBar-autoencoder-NLP\artifacts\03202023__000612\DataTransformation\Tokenizer\tokenizer.pkl
[2023-03-20 00:06:16,125]  - INFO - saving the cleaned text file
[2023-03-20 00:06:16,125]  - INFO - successfully saved the cleaned text file !
[2023-03-20 00:06:16,125]  - INFO - sequence data textfile successfully saved at this position :- C:\Users\Ranjit Singh\Desktop\Chrome_SearchBar-autoencoder-NLP\artifacts\03202023__000612\DataTransformation\SequenceData\sequencedata.txt
[2023-03-20 00:06:16,125]  - INFO - saving transformed data !
[2023-03-20 00:06:16,125]  - INFO - successfully saved sequence numpy array !
[2023-03-20 00:06:16,218]  - INFO - successfully transformed the y_data !
[2023-03-20 00:06:16,218]  - INFO - saved object file path :- C:\Users\Ranjit Singh\Desktop\Chrome_SearchBar-autoencoder-NLP\artifacts\03202023__000612\DataTransformation\Trained_data\x_train.pkl
[2023-03-20 00:06:19,481]  - INFO - saved object file path :- C:\Users\Ranjit Singh\Desktop\Chrome_SearchBar-autoencoder-NLP\artifacts\03202023__000612\DataTransformation\Trained_data\y_train.pkl
[2023-03-20 00:06:19,481]  - INFO - succesfully saved your trained data at this position :- C:\Users\Ranjit Singh\Desktop\Chrome_SearchBar-autoencoder-NLP\artifacts\03202023__000612\DataTransformation\Trained_data
[2023-03-20 00:06:19,575]  - INFO - successfully load the obj :- C:\Users\Ranjit Singh\Desktop\Chrome_SearchBar-autoencoder-NLP\artifacts\03202023__000612\DataTransformation\Trained_data\x_train.pkl
[2023-03-20 00:06:19,904]  - INFO - successfully load the obj :- C:\Users\Ranjit Singh\Desktop\Chrome_SearchBar-autoencoder-NLP\artifacts\03202023__000612\DataTransformation\Trained_data\y_train.pkl
