[2023-03-27 11:17:19,524]  - DEBUG - Falling back to TensorFlow client; we recommended you install the Cloud TPU client directly with pip install cloud-tpu-client.
[2023-03-27 11:17:19,852]  - DEBUG - Creating converter from 7 to 5
[2023-03-27 11:17:19,852]  - DEBUG - Creating converter from 5 to 7
[2023-03-27 11:17:19,852]  - DEBUG - Creating converter from 7 to 5
[2023-03-27 11:17:19,852]  - DEBUG - Creating converter from 5 to 7
[2023-03-27 11:17:22,487]  - INFO - configuring all the dataIngestion path variable
[2023-03-27 11:17:22,487]  - INFO - arranging file path of all chrome history csv files in a list!
[2023-03-27 11:17:22,487]  - INFO - successfully configured
[2023-03-27 11:17:22,487]  - INFO - initiating DataIngestion
[2023-03-27 11:17:22,487]  - INFO - Merging all the csv files in one dataframe!
[2023-03-27 11:17:22,549]  - INFO - file size after merged :- (10399, 1)
[2023-03-27 11:17:22,581]  - INFO - initiated DataIngestion
[2023-03-27 11:17:22,582]  - INFO - initiating datavalidation class
[2023-03-27 11:17:22,628]  - INFO - writing Validationroport.yaml file
[2023-03-27 11:17:22,628]  - INFO - initiating the datacleaning instance methods!
[2023-03-27 11:17:22,644]  - INFO - dropping the duplicate history from history
[2023-03-27 11:17:22,644]  - INFO - successfully droped duplicacy, and now size :- (1328, 1)
[2023-03-27 11:17:22,644]  - INFO - remove less lenght and linc history !
[2023-03-27 11:17:22,675]  - INFO - successfully removed less length and linc, and now size :- (849, 1)
[2023-03-27 11:17:22,675]  - INFO - cleaning unnecessay words and lowerise the sentences
[2023-03-27 11:17:22,738]  - INFO - successfully cleaned the text!
[2023-03-27 11:17:22,738]  - INFO - concatenating entire titles as a single str!
[2023-03-27 11:17:22,753]  - INFO - successfully concated entire text!
[2023-03-27 11:17:22,753]  - INFO - removing unneccessary extra spaces.
[2023-03-27 11:17:22,753]  - INFO - preparing final text data!
[2023-03-27 11:17:22,753]  - INFO - successfully prepared the final text with length :- 35143
[2023-03-27 11:17:22,753]  - INFO - saving the cleaned text file
[2023-03-27 11:17:22,753]  - INFO - successfully saved the cleaned text file !
[2023-03-27 11:17:22,769]  - INFO - read text file from C:\Users\Ranjit Singh\Desktop\coding\Data Scientist\NLP\Chrome_SearchBar-autoencoder-NLP\artifacts\03272023__111722\datacleaning\cleaned_file\cleaned_text_file.txt
[2023-03-27 11:17:24,980]  - INFO - text_data successfully lemmetized !
[2023-03-27 11:17:24,980]  - INFO - saving the lemmetized file at this position :- C:\Users\Ranjit Singh\Desktop\coding\Data Scientist\NLP\Chrome_SearchBar-autoencoder-NLP\artifacts\03272023__111722\DataTransformation\lemmetized\lemmetized.txt
[2023-03-27 11:17:24,980]  - INFO - saving the cleaned text file
[2023-03-27 11:17:24,980]  - INFO - successfully saved the cleaned text file !
[2023-03-27 11:17:24,980]  - INFO - saved object file path :- C:\Users\Ranjit Singh\Desktop\coding\Data Scientist\NLP\Chrome_SearchBar-autoencoder-NLP\artifacts\03272023__111722\DataTransformation\lemmetized\lemmetizer.pkl
[2023-03-27 11:17:24,996]  - INFO - saved object file path :- C:\Users\Ranjit Singh\Desktop\coding\Data Scientist\NLP\Chrome_SearchBar-autoencoder-NLP\artifacts\03272023__111722\DataTransformation\wordindex\word_index.pkl
[2023-03-27 11:17:25,012]  - INFO - word index successfully save at this position :- C:\Users\Ranjit Singh\Desktop\coding\Data Scientist\NLP\Chrome_SearchBar-autoencoder-NLP\artifacts\03272023__111722\DataTransformation\wordindex\word_index.pkl
[2023-03-27 11:17:25,012]  - INFO - no. of unique words :- 1825
[2023-03-27 11:17:25,012]  - INFO - tokenizer successfully fit and saved on this position :- C:\Users\Ranjit Singh\Desktop\coding\Data Scientist\NLP\Chrome_SearchBar-autoencoder-NLP\artifacts\03272023__111722\DataTransformation\Tokenizer\tokenizer.pkl
[2023-03-27 11:17:25,012]  - INFO - saving the cleaned text file
[2023-03-27 11:17:25,012]  - INFO - successfully saved the cleaned text file !
[2023-03-27 11:17:25,027]  - INFO - sequence data textfile successfully saved at this position :- C:\Users\Ranjit Singh\Desktop\coding\Data Scientist\NLP\Chrome_SearchBar-autoencoder-NLP\artifacts\03272023__111722\DataTransformation\SequenceData\sequencedata.txt
[2023-03-27 11:17:25,027]  - INFO - saving transformed data !
[2023-03-27 11:17:25,027]  - INFO - successfully saved sequence numpy array !
[2023-03-27 11:17:25,043]  - INFO - successfully transformed the y_data !
[2023-03-27 11:17:25,043]  - INFO - saved object file path :- C:\Users\Ranjit Singh\Desktop\coding\Data Scientist\NLP\Chrome_SearchBar-autoencoder-NLP\artifacts\03272023__111722\DataTransformation\Trained_data\x_train.pkl
[2023-03-27 11:17:25,121]  - INFO - saved object file path :- C:\Users\Ranjit Singh\Desktop\coding\Data Scientist\NLP\Chrome_SearchBar-autoencoder-NLP\artifacts\03272023__111722\DataTransformation\Trained_data\y_train.pkl
[2023-03-27 11:17:25,121]  - INFO - succesfully saved your trained data at this position :- C:\Users\Ranjit Singh\Desktop\coding\Data Scientist\NLP\Chrome_SearchBar-autoencoder-NLP\artifacts\03272023__111722\DataTransformation\Trained_data
[2023-03-27 11:17:25,137]  - INFO - successfully load the obj :- C:\Users\Ranjit Singh\Desktop\coding\Data Scientist\NLP\Chrome_SearchBar-autoencoder-NLP\artifacts\03272023__111722\DataTransformation\Trained_data\x_train.pkl
[2023-03-27 11:17:25,152]  - INFO - successfully load the obj :- C:\Users\Ranjit Singh\Desktop\coding\Data Scientist\NLP\Chrome_SearchBar-autoencoder-NLP\artifacts\03272023__111722\DataTransformation\Trained_data\y_train.pkl
[2023-03-27 11:17:25,152]  - INFO - successfully loaded data for the training !
[2023-03-27 11:17:30,453]  - INFO - Model has been declared successfully !
[2023-03-27 11:18:00,809]  - DEBUG - Creating converter from 5 to 3
[2023-03-27 11:18:15,472]  - INFO - model trained successfully !
[2023-03-27 11:18:15,472]  - INFO - saved object file path :- C:\Users\Ranjit Singh\Desktop\coding\Data Scientist\NLP\Chrome_SearchBar-autoencoder-NLP\artifacts\03272023__111722\Model\epoch_history\epoch_history.pkl
[2023-03-27 11:18:15,487]  - DEBUG - Creating converter from 3 to 5
[2023-03-27 11:18:20,678]  - INFO - successfully load the obj :- C:\Users\Ranjit Singh\Desktop\coding\Data Scientist\NLP\Chrome_SearchBar-autoencoder-NLP\artifacts\03272023__111722\DataTransformation\Trained_data\x_train.pkl
[2023-03-27 11:18:20,694]  - INFO - successfully load the obj :- C:\Users\Ranjit Singh\Desktop\coding\Data Scientist\NLP\Chrome_SearchBar-autoencoder-NLP\artifacts\03272023__111722\DataTransformation\Trained_data\y_train.pkl
[2023-03-27 11:18:29,422]  - INFO - model evaluted with this accuracy :-3.31 and loss is :- 68.5
[2023-03-27 11:18:29,422]  - INFO - Model is underfit !
