[2023-03-26 01:22:07,533]  - DEBUG - Falling back to TensorFlow client; we recommended you install the Cloud TPU client directly with pip install cloud-tpu-client.
[2023-03-26 01:22:07,976]  - DEBUG - Creating converter from 7 to 5
[2023-03-26 01:22:07,976]  - DEBUG - Creating converter from 5 to 7
[2023-03-26 01:22:07,976]  - DEBUG - Creating converter from 7 to 5
[2023-03-26 01:22:07,976]  - DEBUG - Creating converter from 5 to 7
[2023-03-26 01:22:10,565]  - INFO - configuring all the dataIngestion path variable
[2023-03-26 01:22:10,565]  - INFO - arranging file path of all chrome history csv files in a list!
[2023-03-26 01:22:10,565]  - INFO - successfully configured
[2023-03-26 01:22:10,565]  - INFO - initiating DataIngestion
[2023-03-26 01:22:10,569]  - INFO - Merging all the csv files in one dataframe!
[2023-03-26 01:22:10,616]  - INFO - file size after merged :- (10399, 1)
[2023-03-26 01:22:10,639]  - INFO - initiated DataIngestion
[2023-03-26 01:22:10,639]  - INFO - initiating datavalidation class
[2023-03-26 01:22:10,702]  - INFO - writing Validationroport.yaml file
[2023-03-26 01:22:10,708]  - INFO - initiating the datacleaning instance methods!
[2023-03-26 01:22:10,710]  - INFO - dropping the duplicate history from history
[2023-03-26 01:22:10,725]  - INFO - successfully droped duplicacy, and now size :- (1328, 1)
[2023-03-26 01:22:10,725]  - INFO - remove less lenght and linc history !
[2023-03-26 01:22:10,741]  - INFO - successfully removed less length and linc, and now size :- (849, 1)
[2023-03-26 01:22:10,741]  - INFO - cleaning unnecessay words and lowerise the sentences
[2023-03-26 01:22:10,811]  - INFO - successfully cleaned the text!
[2023-03-26 01:22:10,811]  - INFO - concatenating entire titles as a single str!
[2023-03-26 01:22:10,827]  - INFO - successfully concated entire text!
[2023-03-26 01:22:10,827]  - INFO - removing unneccessary extra spaces.
[2023-03-26 01:22:10,827]  - INFO - preparing final text data!
[2023-03-26 01:22:10,827]  - INFO - successfully prepared the final text with length :- 35143
[2023-03-26 01:22:10,827]  - INFO - saving the cleaned text file
[2023-03-26 01:22:10,840]  - INFO - successfully saved the cleaned text file !
[2023-03-26 01:22:10,841]  - INFO - read text file from C:\Users\Ranjit Singh\Desktop\coding\Data Scientist\NLP\Chrome_SearchBar-autoencoder-NLP\artifacts\03262023__012210\datacleaning\cleaned_file\cleaned_text_file.txt
[2023-03-26 01:22:12,931]  - INFO - text_data successfully lemmetized !
[2023-03-26 01:22:12,931]  - INFO - saving the lemmetized file at this position :- C:\Users\Ranjit Singh\Desktop\coding\Data Scientist\NLP\Chrome_SearchBar-autoencoder-NLP\artifacts\03262023__012210\DataTransformation\lemmetized\lemmetized.txt
[2023-03-26 01:22:12,931]  - INFO - saving the cleaned text file
[2023-03-26 01:22:12,937]  - INFO - successfully saved the cleaned text file !
[2023-03-26 01:22:12,956]  - INFO - saved object file path :- C:\Users\Ranjit Singh\Desktop\coding\Data Scientist\NLP\Chrome_SearchBar-autoencoder-NLP\artifacts\03262023__012210\DataTransformation\wordindex\word_index.pkl
[2023-03-26 01:22:12,956]  - INFO - word index successfully save at this position :- C:\Users\Ranjit Singh\Desktop\coding\Data Scientist\NLP\Chrome_SearchBar-autoencoder-NLP\artifacts\03262023__012210\DataTransformation\wordindex\word_index.pkl
[2023-03-26 01:22:12,956]  - INFO - no. of unique words :- 1825
[2023-03-26 01:22:12,961]  - INFO - tokenizer successfully fit and saved on this position :- C:\Users\Ranjit Singh\Desktop\coding\Data Scientist\NLP\Chrome_SearchBar-autoencoder-NLP\artifacts\03262023__012210\DataTransformation\Tokenizer\tokenizer.pkl
[2023-03-26 01:22:12,962]  - INFO - saving the cleaned text file
[2023-03-26 01:22:12,970]  - INFO - successfully saved the cleaned text file !
[2023-03-26 01:22:12,970]  - INFO - sequence data textfile successfully saved at this position :- C:\Users\Ranjit Singh\Desktop\coding\Data Scientist\NLP\Chrome_SearchBar-autoencoder-NLP\artifacts\03262023__012210\DataTransformation\SequenceData\sequencedata.txt
[2023-03-26 01:22:12,970]  - INFO - saving transformed data !
[2023-03-26 01:22:12,972]  - INFO - successfully saved sequence numpy array !
[2023-03-26 01:22:12,973]  - INFO - successfully transformed the y_data !
[2023-03-26 01:22:12,991]  - INFO - saved object file path :- C:\Users\Ranjit Singh\Desktop\coding\Data Scientist\NLP\Chrome_SearchBar-autoencoder-NLP\artifacts\03262023__012210\DataTransformation\Trained_data\x_train.pkl
[2023-03-26 01:22:13,071]  - INFO - saved object file path :- C:\Users\Ranjit Singh\Desktop\coding\Data Scientist\NLP\Chrome_SearchBar-autoencoder-NLP\artifacts\03262023__012210\DataTransformation\Trained_data\y_train.pkl
[2023-03-26 01:22:13,071]  - INFO - succesfully saved your trained data at this position :- C:\Users\Ranjit Singh\Desktop\coding\Data Scientist\NLP\Chrome_SearchBar-autoencoder-NLP\artifacts\03262023__012210\DataTransformation\Trained_data
[2023-03-26 01:22:13,088]  - INFO - successfully load the obj :- C:\Users\Ranjit Singh\Desktop\coding\Data Scientist\NLP\Chrome_SearchBar-autoencoder-NLP\artifacts\03262023__012210\DataTransformation\Trained_data\x_train.pkl
[2023-03-26 01:22:13,103]  - INFO - successfully load the obj :- C:\Users\Ranjit Singh\Desktop\coding\Data Scientist\NLP\Chrome_SearchBar-autoencoder-NLP\artifacts\03262023__012210\DataTransformation\Trained_data\y_train.pkl
[2023-03-26 01:22:13,103]  - INFO - successfully loaded data for the training !
[2023-03-26 01:22:18,734]  - INFO - Model has been declared successfully !
[2023-03-26 01:22:49,900]  - DEBUG - Creating converter from 5 to 3
[2023-03-26 01:23:03,823]  - INFO - model trained successfully !
[2023-03-26 01:23:03,827]  - INFO - saved object file path :- C:\Users\Ranjit Singh\Desktop\coding\Data Scientist\NLP\Chrome_SearchBar-autoencoder-NLP\artifacts\03262023__012210\Model\epoch_history\epoch_history.pkl
[2023-03-26 01:23:03,828]  - DEBUG - Creating converter from 3 to 5
[2023-03-26 01:23:09,170]  - INFO - successfully load the obj :- C:\Users\Ranjit Singh\Desktop\coding\Data Scientist\NLP\Chrome_SearchBar-autoencoder-NLP\artifacts\03262023__012210\DataTransformation\Trained_data\x_train.pkl
[2023-03-26 01:23:09,186]  - INFO - successfully load the obj :- C:\Users\Ranjit Singh\Desktop\coding\Data Scientist\NLP\Chrome_SearchBar-autoencoder-NLP\artifacts\03262023__012210\DataTransformation\Trained_data\y_train.pkl
[2023-03-26 01:23:18,274]  - INFO - model evaluted with this accuracy :-3.66 and loss is :- 67.88
[2023-03-26 01:23:18,275]  - INFO - model is overfitted ! Try to regularize your model !
