[2023-03-27 14:14:12,537]  - DEBUG - Falling back to TensorFlow client; we recommended you install the Cloud TPU client directly with pip install cloud-tpu-client.
[2023-03-27 14:14:12,867]  - DEBUG - Creating converter from 7 to 5
[2023-03-27 14:14:12,867]  - DEBUG - Creating converter from 5 to 7
[2023-03-27 14:14:12,867]  - DEBUG - Creating converter from 7 to 5
[2023-03-27 14:14:12,867]  - DEBUG - Creating converter from 5 to 7
[2023-03-27 14:14:15,524]  - INFO - suggestion started !!
[2023-03-27 14:14:15,524]  - INFO - configuring all the dataIngestion path variable
[2023-03-27 14:14:15,524]  - INFO - arranging file path of all chrome history csv files in a list!
[2023-03-27 14:14:15,524]  - INFO - successfully configured
[2023-03-27 14:14:15,524]  - INFO - initiating DataIngestion
[2023-03-27 14:14:15,524]  - INFO - Merging all the csv files in one dataframe!
[2023-03-27 14:14:15,571]  - INFO - file size after merged :- (10399, 1)
[2023-03-27 14:14:15,602]  - INFO - initiated DataIngestion
[2023-03-27 14:14:15,602]  - INFO - initiating datavalidation class
[2023-03-27 14:14:15,665]  - INFO - writing Validationroport.yaml file
[2023-03-27 14:14:15,665]  - INFO - initiating the datacleaning instance methods!
[2023-03-27 14:14:15,680]  - INFO - dropping the duplicate history from history
[2023-03-27 14:14:15,680]  - INFO - successfully droped duplicacy, and now size :- (1328, 1)
[2023-03-27 14:14:15,680]  - INFO - remove less lenght and linc history !
[2023-03-27 14:14:15,712]  - INFO - successfully removed less length and linc, and now size :- (849, 1)
[2023-03-27 14:14:15,712]  - INFO - cleaning unnecessay words and lowerise the sentences
[2023-03-27 14:14:15,774]  - INFO - successfully cleaned the text!
[2023-03-27 14:14:15,774]  - INFO - concatenating entire titles as a single str!
[2023-03-27 14:14:15,790]  - INFO - successfully concated entire text!
[2023-03-27 14:14:15,790]  - INFO - removing unneccessary extra spaces.
[2023-03-27 14:14:15,790]  - INFO - preparing final text data!
[2023-03-27 14:14:15,790]  - INFO - successfully prepared the final text with length :- 35143
[2023-03-27 14:14:15,790]  - INFO - saving the cleaned text file
[2023-03-27 14:14:15,790]  - INFO - successfully saved the cleaned text file !
[2023-03-27 14:14:15,805]  - INFO - read text file from C:\Users\Ranjit Singh\Desktop\coding\Data Scientist\NLP\Chrome_SearchBar-autoencoder-NLP\artifacts\03272023__141415\datacleaning\cleaned_file\cleaned_text_file.txt
[2023-03-27 14:14:18,058]  - INFO - text_data successfully lemmetized !
[2023-03-27 14:14:18,058]  - INFO - saving the lemmetized file at this position :- C:\Users\Ranjit Singh\Desktop\coding\Data Scientist\NLP\Chrome_SearchBar-autoencoder-NLP\artifacts\03272023__141415\DataTransformation\lemmetized\lemmetized.txt
[2023-03-27 14:14:18,058]  - INFO - saving the cleaned text file
[2023-03-27 14:14:18,058]  - INFO - successfully saved the cleaned text file !
[2023-03-27 14:14:18,058]  - INFO - saved object file path :- C:\Users\Ranjit Singh\Desktop\coding\Data Scientist\NLP\Chrome_SearchBar-autoencoder-NLP\artifacts\03272023__141415\DataTransformation\lemmetized\lemmetizer.pkl
[2023-03-27 14:14:18,074]  - INFO - saved object file path :- C:\Users\Ranjit Singh\Desktop\coding\Data Scientist\NLP\Chrome_SearchBar-autoencoder-NLP\artifacts\03272023__141415\DataTransformation\wordindex\word_index.pkl
[2023-03-27 14:14:18,074]  - INFO - word index successfully save at this position :- C:\Users\Ranjit Singh\Desktop\coding\Data Scientist\NLP\Chrome_SearchBar-autoencoder-NLP\artifacts\03272023__141415\DataTransformation\wordindex\word_index.pkl
[2023-03-27 14:14:18,074]  - INFO - no. of unique words :- 1825
[2023-03-27 14:14:18,089]  - INFO - tokenizer successfully fit and saved on this position :- C:\Users\Ranjit Singh\Desktop\coding\Data Scientist\NLP\Chrome_SearchBar-autoencoder-NLP\artifacts\03272023__141415\DataTransformation\Tokenizer\tokenizer.pkl
[2023-03-27 14:14:18,089]  - INFO - saving the cleaned text file
[2023-03-27 14:14:18,089]  - INFO - successfully saved the cleaned text file !
[2023-03-27 14:14:18,089]  - INFO - sequence data textfile successfully saved at this position :- C:\Users\Ranjit Singh\Desktop\coding\Data Scientist\NLP\Chrome_SearchBar-autoencoder-NLP\artifacts\03272023__141415\DataTransformation\SequenceData\sequencedata.txt
[2023-03-27 14:14:18,089]  - INFO - saving transformed data !
[2023-03-27 14:14:18,105]  - INFO - successfully saved sequence numpy array !
[2023-03-27 14:14:18,121]  - INFO - successfully transformed the y_data !
[2023-03-27 14:14:18,121]  - INFO - saved object file path :- C:\Users\Ranjit Singh\Desktop\coding\Data Scientist\NLP\Chrome_SearchBar-autoencoder-NLP\artifacts\03272023__141415\DataTransformation\Trained_data\x_train.pkl
[2023-03-27 14:14:18,214]  - INFO - saved object file path :- C:\Users\Ranjit Singh\Desktop\coding\Data Scientist\NLP\Chrome_SearchBar-autoencoder-NLP\artifacts\03272023__141415\DataTransformation\Trained_data\y_train.pkl
[2023-03-27 14:14:18,214]  - INFO - succesfully saved your trained data at this position :- C:\Users\Ranjit Singh\Desktop\coding\Data Scientist\NLP\Chrome_SearchBar-autoencoder-NLP\artifacts\03272023__141415\DataTransformation\Trained_data
[2023-03-27 14:14:18,230]  - INFO - successfully load the obj :- C:\Users\Ranjit Singh\Desktop\coding\Data Scientist\NLP\Chrome_SearchBar-autoencoder-NLP\artifacts\03272023__141415\DataTransformation\Trained_data\x_train.pkl
[2023-03-27 14:14:18,246]  - INFO - successfully load the obj :- C:\Users\Ranjit Singh\Desktop\coding\Data Scientist\NLP\Chrome_SearchBar-autoencoder-NLP\artifacts\03272023__141415\DataTransformation\Trained_data\y_train.pkl
[2023-03-27 14:14:18,246]  - INFO - successfully loaded data for the training !
[2023-03-27 14:14:23,655]  - INFO - Model has been declared successfully !
[2023-03-27 14:14:54,594]  - DEBUG - Creating converter from 5 to 3
[2023-03-27 14:14:54,777]  - INFO - model trained successfully !
[2023-03-27 14:14:54,779]  - INFO - saved object file path :- C:\Users\Ranjit Singh\Desktop\coding\Data Scientist\NLP\Chrome_SearchBar-autoencoder-NLP\artifacts\03272023__141415\Model\epoch_history\epoch_history.pkl
[2023-03-27 14:14:54,801]  - DEBUG - Creating converter from 3 to 5
[2023-03-27 14:15:00,269]  - INFO - successfully load the obj :- C:\Users\Ranjit Singh\Desktop\coding\Data Scientist\NLP\Chrome_SearchBar-autoencoder-NLP\artifacts\03272023__141415\DataTransformation\Trained_data\x_train.pkl
[2023-03-27 14:15:00,300]  - INFO - successfully load the obj :- C:\Users\Ranjit Singh\Desktop\coding\Data Scientist\NLP\Chrome_SearchBar-autoencoder-NLP\artifacts\03272023__141415\DataTransformation\Trained_data\y_train.pkl
[2023-03-27 14:15:09,298]  - INFO - model evaluted with this accuracy :-3.66 and loss is :- 66.25
[2023-03-27 14:15:09,298]  - INFO - Model is underfit !
[2023-03-27 14:15:09,320]  - INFO - successfully load the obj :- C:\Users\Ranjit Singh\Desktop\coding\Data Scientist\NLP\Chrome_SearchBar-autoencoder-NLP\artifacts\03272023__141415\DataTransformation\Tokenizer\tokenizer.pkl
[2023-03-27 14:15:09,322]  - INFO - successfully load the obj :- C:\Users\Ranjit Singh\Desktop\coding\Data Scientist\NLP\Chrome_SearchBar-autoencoder-NLP\artifacts\03272023__141415\DataTransformation\lemmetized\lemmetizer.pkl
[2023-03-27 14:15:14,672]  - INFO - successfully load the obj :- C:\Users\Ranjit Singh\Desktop\coding\Data Scientist\NLP\Chrome_SearchBar-autoencoder-NLP\artifacts\03272023__141415\DataTransformation\wordindex\word_index.pkl
[2023-03-27 14:15:14,676]  - INFO - saved object file path :- C:\Users\Ranjit Singh\Desktop\coding\Data Scientist\NLP\Chrome_SearchBar-autoencoder-NLP\artifacts\03272023__141415\modelPusher\saved_models\lemmetizer.pkl
[2023-03-27 14:15:14,680]  - INFO - saved object file path :- C:\Users\Ranjit Singh\Desktop\coding\Data Scientist\NLP\Chrome_SearchBar-autoencoder-NLP\artifacts\03272023__141415\modelPusher\saved_models\tokenizer.pkl
[2023-03-27 14:15:14,682]  - INFO - saved object file path :- C:\Users\Ranjit Singh\Desktop\coding\Data Scientist\NLP\Chrome_SearchBar-autoencoder-NLP\artifacts\03272023__141415\modelPusher\saved_models\word_index.pkl
[2023-03-27 14:15:14,853]  - INFO - saved models in artifact -> Modelpusher
[2023-03-27 14:15:14,869]  - INFO - saved object file path :- saved_models\3\tokenizer\tokenizer.pkl
[2023-03-27 14:15:14,869]  - INFO - saved object file path :- saved_models\3\lemmetizer\lemmetizer.pkl
[2023-03-27 14:15:14,869]  - INFO - saved object file path :- saved_models\3\wordIndex\word_index.pkl
[2023-03-27 14:15:15,072]  - INFO - saved models in saved_models
[2023-03-27 14:15:15,072]  - INFO - Training Pipeline executed Successfully !
[2023-03-27 14:15:19,387]  - INFO - loading all the models to get suggestions ..
[2023-03-27 14:15:19,397]  - INFO - successfully load the obj :- saved_models\3\tokenizer\tokenizer.pkl
[2023-03-27 14:15:19,399]  - INFO - successfully load the obj :- saved_models\3\lemmetizer\lemmetizer.pkl
[2023-03-27 14:15:25,272]  - INFO - successfully loaded all the model to get the suggestion !!
[2023-03-27 14:15:25,272]  - INFO - calling the suggestion functions!!
