[2023-03-26 01:17:41,841]  - DEBUG - Falling back to TensorFlow client; we recommended you install the Cloud TPU client directly with pip install cloud-tpu-client.
[2023-03-26 01:17:42,171]  - DEBUG - Creating converter from 7 to 5
[2023-03-26 01:17:42,171]  - DEBUG - Creating converter from 5 to 7
[2023-03-26 01:17:42,171]  - DEBUG - Creating converter from 7 to 5
[2023-03-26 01:17:42,171]  - DEBUG - Creating converter from 5 to 7
[2023-03-26 01:17:44,776]  - INFO - configuring all the dataIngestion path variable
[2023-03-26 01:17:44,776]  - INFO - arranging file path of all chrome history csv files in a list!
[2023-03-26 01:17:44,778]  - INFO - successfully configured
[2023-03-26 01:17:44,778]  - INFO - initiating DataIngestion
[2023-03-26 01:17:44,781]  - INFO - Merging all the csv files in one dataframe!
[2023-03-26 01:17:44,828]  - INFO - file size after merged :- (10399, 1)
[2023-03-26 01:17:44,859]  - INFO - initiated DataIngestion
[2023-03-26 01:17:44,860]  - INFO - initiating datavalidation class
[2023-03-26 01:17:44,914]  - INFO - writing Validationroport.yaml file
[2023-03-26 01:17:44,916]  - INFO - initiating the datacleaning instance methods!
[2023-03-26 01:17:44,917]  - INFO - dropping the duplicate history from history
[2023-03-26 01:17:44,933]  - INFO - successfully droped duplicacy, and now size :- (1328, 1)
[2023-03-26 01:17:44,933]  - INFO - remove less lenght and linc history !
[2023-03-26 01:17:44,948]  - INFO - successfully removed less length and linc, and now size :- (849, 1)
[2023-03-26 01:17:44,948]  - INFO - cleaning unnecessay words and lowerise the sentences
[2023-03-26 01:17:45,031]  - INFO - successfully cleaned the text!
[2023-03-26 01:17:45,031]  - INFO - concatenating entire titles as a single str!
[2023-03-26 01:17:45,038]  - INFO - successfully concated entire text!
[2023-03-26 01:17:45,038]  - INFO - removing unneccessary extra spaces.
[2023-03-26 01:17:45,042]  - INFO - preparing final text data!
[2023-03-26 01:17:45,044]  - INFO - successfully prepared the final text with length :- 35143
[2023-03-26 01:17:45,044]  - INFO - saving the cleaned text file
[2023-03-26 01:17:45,050]  - INFO - successfully saved the cleaned text file !
[2023-03-26 01:17:45,055]  - INFO - read text file from C:\Users\Ranjit Singh\Desktop\coding\Data Scientist\NLP\Chrome_SearchBar-autoencoder-NLP\artifacts\03262023__011744\datacleaning\cleaned_file\cleaned_text_file.txt
[2023-03-26 01:17:47,204]  - INFO - text_data successfully lemmetized !
[2023-03-26 01:17:47,204]  - INFO - saving the lemmetized file at this position :- C:\Users\Ranjit Singh\Desktop\coding\Data Scientist\NLP\Chrome_SearchBar-autoencoder-NLP\artifacts\03262023__011744\DataTransformation\lemmetized\lemmetized.txt
[2023-03-26 01:17:47,204]  - INFO - saving the cleaned text file
[2023-03-26 01:17:47,211]  - INFO - successfully saved the cleaned text file !
[2023-03-26 01:17:47,232]  - INFO - saved object file path :- C:\Users\Ranjit Singh\Desktop\coding\Data Scientist\NLP\Chrome_SearchBar-autoencoder-NLP\artifacts\03262023__011744\DataTransformation\wordindex\word_index.pkl
[2023-03-26 01:17:47,232]  - INFO - word index successfully save at this position :- C:\Users\Ranjit Singh\Desktop\coding\Data Scientist\NLP\Chrome_SearchBar-autoencoder-NLP\artifacts\03262023__011744\DataTransformation\wordindex\word_index.pkl
[2023-03-26 01:17:47,232]  - INFO - no. of unique words :- 1825
[2023-03-26 01:17:47,235]  - INFO - tokenizer successfully fit and saved on this position :- C:\Users\Ranjit Singh\Desktop\coding\Data Scientist\NLP\Chrome_SearchBar-autoencoder-NLP\artifacts\03262023__011744\DataTransformation\Tokenizer\tokenizer.pkl
[2023-03-26 01:17:47,236]  - INFO - saving the cleaned text file
[2023-03-26 01:17:47,245]  - INFO - successfully saved the cleaned text file !
[2023-03-26 01:17:47,245]  - INFO - sequence data textfile successfully saved at this position :- C:\Users\Ranjit Singh\Desktop\coding\Data Scientist\NLP\Chrome_SearchBar-autoencoder-NLP\artifacts\03262023__011744\DataTransformation\SequenceData\sequencedata.txt
[2023-03-26 01:17:47,245]  - INFO - saving transformed data !
[2023-03-26 01:17:47,247]  - INFO - successfully saved sequence numpy array !
[2023-03-26 01:17:47,262]  - INFO - successfully transformed the y_data !
[2023-03-26 01:17:47,266]  - INFO - saved object file path :- C:\Users\Ranjit Singh\Desktop\coding\Data Scientist\NLP\Chrome_SearchBar-autoencoder-NLP\artifacts\03262023__011744\DataTransformation\Trained_data\x_train.pkl
[2023-03-26 01:17:47,351]  - INFO - saved object file path :- C:\Users\Ranjit Singh\Desktop\coding\Data Scientist\NLP\Chrome_SearchBar-autoencoder-NLP\artifacts\03262023__011744\DataTransformation\Trained_data\y_train.pkl
[2023-03-26 01:17:47,351]  - INFO - succesfully saved your trained data at this position :- C:\Users\Ranjit Singh\Desktop\coding\Data Scientist\NLP\Chrome_SearchBar-autoencoder-NLP\artifacts\03262023__011744\DataTransformation\Trained_data
[2023-03-26 01:17:47,366]  - INFO - successfully load the obj :- C:\Users\Ranjit Singh\Desktop\coding\Data Scientist\NLP\Chrome_SearchBar-autoencoder-NLP\artifacts\03262023__011744\DataTransformation\Trained_data\x_train.pkl
[2023-03-26 01:17:47,382]  - INFO - successfully load the obj :- C:\Users\Ranjit Singh\Desktop\coding\Data Scientist\NLP\Chrome_SearchBar-autoencoder-NLP\artifacts\03262023__011744\DataTransformation\Trained_data\y_train.pkl
[2023-03-26 01:17:47,382]  - INFO - successfully loaded data for the training !
[2023-03-26 01:17:52,597]  - INFO - Model has been declared successfully !
[2023-03-26 01:18:23,226]  - DEBUG - Creating converter from 5 to 3
[2023-03-26 01:18:37,603]  - INFO - model trained successfully !
[2023-03-26 01:18:37,609]  - INFO - saved object file path :- C:\Users\Ranjit Singh\Desktop\coding\Data Scientist\NLP\Chrome_SearchBar-autoencoder-NLP\artifacts\03262023__011744\Model\epoch_history\epoch_history.pkl
[2023-03-26 01:18:37,610]  - DEBUG - Creating converter from 3 to 5
[2023-03-26 01:18:42,932]  - INFO - successfully load the obj :- C:\Users\Ranjit Singh\Desktop\coding\Data Scientist\NLP\Chrome_SearchBar-autoencoder-NLP\artifacts\03262023__011744\DataTransformation\Trained_data\x_train.pkl
[2023-03-26 01:18:42,947]  - INFO - successfully load the obj :- C:\Users\Ranjit Singh\Desktop\coding\Data Scientist\NLP\Chrome_SearchBar-autoencoder-NLP\artifacts\03262023__011744\DataTransformation\Trained_data\y_train.pkl
[2023-03-26 01:18:51,888]  - INFO - model evaluted with this accuracy :-66.61 and loss is :- 66.61
[2023-03-26 01:18:51,889]  - INFO - model is overfitted ! Try to regularize your model !
