[2023-03-19 16:01:38,974]  - DEBUG - Falling back to TensorFlow client; we recommended you install the Cloud TPU client directly with pip install cloud-tpu-client.
[2023-03-19 16:01:39,329]  - DEBUG - Creating converter from 7 to 5
[2023-03-19 16:01:39,330]  - DEBUG - Creating converter from 5 to 7
[2023-03-19 16:01:39,330]  - DEBUG - Creating converter from 7 to 5
[2023-03-19 16:01:39,330]  - DEBUG - Creating converter from 5 to 7
[2023-03-19 16:01:42,063]  - INFO - configuring all the dataIngestion path variable
[2023-03-19 16:01:42,063]  - INFO - arranging file path of all chrome history csv files in a list!
[2023-03-19 16:01:42,063]  - INFO - successfully configured
[2023-03-19 16:01:42,063]  - INFO - initiating DataIngestion
[2023-03-19 16:01:42,063]  - INFO - Merging all the csv files in one dataframe!
[2023-03-19 16:01:42,329]  - INFO - file size after merged :- (49449, 1)
[2023-03-19 16:01:42,470]  - INFO - initiated DataIngestion
[2023-03-19 16:01:42,470]  - INFO - initiating datavalidation class
[2023-03-19 16:01:42,708]  - INFO - writing Validationroport.yaml file
[2023-03-19 16:01:42,710]  - INFO - initiating the datacleaning instance methods!
[2023-03-19 16:01:42,773]  - INFO - dropping the duplicate history from history
[2023-03-19 16:01:42,783]  - INFO - successfully droped duplicacy, and now size :- (5946, 1)
[2023-03-19 16:01:42,783]  - INFO - remove less lenght and linc history !
[2023-03-19 16:01:42,934]  - INFO - successfully removed less length and linc, and now size :- (4695, 1)
[2023-03-19 16:01:42,935]  - INFO - cleaning unnecessay words and lowerise the sentences
[2023-03-19 16:01:43,691]  - INFO - successfully cleaned the text!
[2023-03-19 16:01:43,692]  - INFO - concatenating entire titles as a single str!
[2023-03-19 16:01:43,729]  - INFO - successfully concated entire text!
[2023-03-19 16:01:43,730]  - INFO - removing unneccessary extra spaces.
[2023-03-19 16:01:43,757]  - INFO - preparing final text data!
[2023-03-19 16:01:43,766]  - INFO - successfully prepared the final text with length :- 221069
[2023-03-19 16:01:43,767]  - INFO - saving the cleaned text file
[2023-03-19 16:01:43,775]  - INFO - successfully saved the cleaned text file !
[2023-03-19 16:01:43,795]  - INFO - read text file from C:\Users\Ranjit Singh\Desktop\Chrome_SearchBar-autoencoder-NLP\artifacts\03192023__160142\datacleaning\cleaned_file\cleaned_text_file.txt
[2023-03-19 16:01:45,904]  - INFO - text_data successfully lemmetized !
[2023-03-19 16:01:45,904]  - INFO - saving the lemmetized file at this position :- C:\Users\Ranjit Singh\Desktop\Chrome_SearchBar-autoencoder-NLP\artifacts\03192023__160142\DataTransformation\lemmetized\lemmetized.txt
[2023-03-19 16:01:45,904]  - INFO - saving the cleaned text file
[2023-03-19 16:01:45,904]  - INFO - successfully saved the cleaned text file !
[2023-03-19 16:01:45,967]  - INFO - saved object file path :- C:\Users\Ranjit Singh\Desktop\Chrome_SearchBar-autoencoder-NLP\artifacts\03192023__160142\DataTransformation\wordindex\word_index.pkl
[2023-03-19 16:01:45,967]  - INFO - word index successfully save at this position :- C:\Users\Ranjit Singh\Desktop\Chrome_SearchBar-autoencoder-NLP\artifacts\03192023__160142\DataTransformation\wordindex\word_index.pkl
[2023-03-19 16:01:45,967]  - INFO - tokenizer successfully fit and saved on this position :- C:\Users\Ranjit Singh\Desktop\Chrome_SearchBar-autoencoder-NLP\artifacts\03192023__160142\DataTransformation\Tokenizer\tokenizer.pkl
