[2023-03-19 16:09:36,320]  - DEBUG - Falling back to TensorFlow client; we recommended you install the Cloud TPU client directly with pip install cloud-tpu-client.
[2023-03-19 16:09:36,670]  - DEBUG - Creating converter from 7 to 5
[2023-03-19 16:09:36,671]  - DEBUG - Creating converter from 5 to 7
[2023-03-19 16:09:36,671]  - DEBUG - Creating converter from 7 to 5
[2023-03-19 16:09:36,671]  - DEBUG - Creating converter from 5 to 7
[2023-03-19 16:09:39,266]  - INFO - configuring all the dataIngestion path variable
[2023-03-19 16:09:39,266]  - INFO - arranging file path of all chrome history csv files in a list!
[2023-03-19 16:09:39,266]  - INFO - successfully configured
[2023-03-19 16:09:39,266]  - INFO - initiating DataIngestion
[2023-03-19 16:09:39,266]  - INFO - Merging all the csv files in one dataframe!
[2023-03-19 16:09:39,534]  - INFO - file size after merged :- (49449, 1)
[2023-03-19 16:09:39,675]  - INFO - initiated DataIngestion
[2023-03-19 16:09:39,675]  - INFO - initiating datavalidation class
[2023-03-19 16:09:39,864]  - INFO - writing Validationroport.yaml file
[2023-03-19 16:09:39,864]  - INFO - initiating the datacleaning instance methods!
[2023-03-19 16:09:39,935]  - INFO - dropping the duplicate history from history
[2023-03-19 16:09:39,944]  - INFO - successfully droped duplicacy, and now size :- (5946, 1)
[2023-03-19 16:09:39,945]  - INFO - remove less lenght and linc history !
[2023-03-19 16:09:40,112]  - INFO - successfully removed less length and linc, and now size :- (4695, 1)
[2023-03-19 16:09:40,112]  - INFO - cleaning unnecessay words and lowerise the sentences
[2023-03-19 16:09:40,827]  - INFO - successfully cleaned the text!
[2023-03-19 16:09:40,828]  - INFO - concatenating entire titles as a single str!
[2023-03-19 16:09:40,872]  - INFO - successfully concated entire text!
[2023-03-19 16:09:40,873]  - INFO - removing unneccessary extra spaces.
[2023-03-19 16:09:40,900]  - INFO - preparing final text data!
[2023-03-19 16:09:40,909]  - INFO - successfully prepared the final text with length :- 221069
[2023-03-19 16:09:40,910]  - INFO - saving the cleaned text file
[2023-03-19 16:09:40,916]  - INFO - successfully saved the cleaned text file !
[2023-03-19 16:09:40,937]  - INFO - read text file from C:\Users\Ranjit Singh\Desktop\Chrome_SearchBar-autoencoder-NLP\artifacts\03192023__160939\datacleaning\cleaned_file\cleaned_text_file.txt
[2023-03-19 16:09:43,125]  - INFO - text_data successfully lemmetized !
[2023-03-19 16:09:43,125]  - INFO - saving the lemmetized file at this position :- C:\Users\Ranjit Singh\Desktop\Chrome_SearchBar-autoencoder-NLP\artifacts\03192023__160939\DataTransformation\lemmetized\lemmetized.txt
[2023-03-19 16:09:43,125]  - INFO - saving the cleaned text file
[2023-03-19 16:09:43,125]  - INFO - successfully saved the cleaned text file !
[2023-03-19 16:09:43,172]  - INFO - saved object file path :- C:\Users\Ranjit Singh\Desktop\Chrome_SearchBar-autoencoder-NLP\artifacts\03192023__160939\DataTransformation\wordindex\word_index.pkl
[2023-03-19 16:09:43,172]  - INFO - word index successfully save at this position :- C:\Users\Ranjit Singh\Desktop\Chrome_SearchBar-autoencoder-NLP\artifacts\03192023__160939\DataTransformation\wordindex\word_index.pkl
[2023-03-19 16:09:43,187]  - INFO - tokenizer successfully fit and saved on this position :- C:\Users\Ranjit Singh\Desktop\Chrome_SearchBar-autoencoder-NLP\artifacts\03192023__160939\DataTransformation\Tokenizer\tokenizer.pkl
[2023-03-19 16:09:43,234]  - INFO - saving the cleaned text file
[2023-03-19 16:09:43,234]  - INFO - successfully saved the cleaned text file !
[2023-03-19 16:09:43,234]  - INFO - sequence data textfile successfully saved at this position :- C:\Users\Ranjit Singh\Desktop\Chrome_SearchBar-autoencoder-NLP\artifacts\03192023__160939\DataTransformation\SequenceData\sequencedata.txt
[2023-03-19 16:09:43,234]  - INFO - saving transformed data !
[2023-03-19 16:09:43,234]  - INFO - successfully saved sequence numpy array !
