[2023-03-26 01:06:13,629]  - DEBUG - Falling back to TensorFlow client; we recommended you install the Cloud TPU client directly with pip install cloud-tpu-client.
[2023-03-26 01:06:13,962]  - DEBUG - Creating converter from 7 to 5
[2023-03-26 01:06:13,962]  - DEBUG - Creating converter from 5 to 7
[2023-03-26 01:06:13,962]  - DEBUG - Creating converter from 7 to 5
[2023-03-26 01:06:13,962]  - DEBUG - Creating converter from 5 to 7
[2023-03-26 01:06:16,569]  - INFO - configuring all the dataIngestion path variable
[2023-03-26 01:06:16,569]  - INFO - arranging file path of all chrome history csv files in a list!
[2023-03-26 01:06:16,570]  - INFO - successfully configured
[2023-03-26 01:06:16,570]  - INFO - initiating DataIngestion
[2023-03-26 01:06:16,573]  - INFO - Merging all the csv files in one dataframe!
[2023-03-26 01:06:16,622]  - INFO - file size after merged :- (10399, 1)
[2023-03-26 01:06:16,653]  - INFO - initiated DataIngestion
[2023-03-26 01:06:16,653]  - INFO - initiating datavalidation class
[2023-03-26 01:06:16,709]  - INFO - writing Validationroport.yaml file
[2023-03-26 01:06:16,711]  - INFO - initiating the datacleaning instance methods!
[2023-03-26 01:06:16,711]  - INFO - dropping the duplicate history from history
[2023-03-26 01:06:16,729]  - INFO - successfully droped duplicacy, and now size :- (1328, 1)
[2023-03-26 01:06:16,729]  - INFO - remove less lenght and linc history !
[2023-03-26 01:06:16,744]  - INFO - successfully removed less length and linc, and now size :- (849, 1)
[2023-03-26 01:06:16,744]  - INFO - cleaning unnecessay words and lowerise the sentences
[2023-03-26 01:06:16,822]  - INFO - successfully cleaned the text!
[2023-03-26 01:06:16,822]  - INFO - concatenating entire titles as a single str!
[2023-03-26 01:06:16,822]  - INFO - successfully concated entire text!
[2023-03-26 01:06:16,822]  - INFO - removing unneccessary extra spaces.
[2023-03-26 01:06:16,822]  - INFO - preparing final text data!
[2023-03-26 01:06:16,838]  - INFO - successfully prepared the final text with length :- 35143
[2023-03-26 01:06:16,838]  - INFO - saving the cleaned text file
[2023-03-26 01:06:16,842]  - INFO - successfully saved the cleaned text file !
[2023-03-26 01:06:16,845]  - INFO - read text file from C:\Users\Ranjit Singh\Desktop\coding\Data Scientist\NLP\Chrome_SearchBar-autoencoder-NLP\artifacts\03262023__010616\datacleaning\cleaned_file\cleaned_text_file.txt
[2023-03-26 01:06:19,135]  - INFO - text_data successfully lemmetized !
[2023-03-26 01:06:19,135]  - INFO - saving the lemmetized file at this position :- C:\Users\Ranjit Singh\Desktop\coding\Data Scientist\NLP\Chrome_SearchBar-autoencoder-NLP\artifacts\03262023__010616\DataTransformation\lemmetized\lemmetized.txt
[2023-03-26 01:06:19,135]  - INFO - saving the cleaned text file
[2023-03-26 01:06:19,139]  - INFO - successfully saved the cleaned text file !
[2023-03-26 01:06:19,159]  - INFO - saved object file path :- C:\Users\Ranjit Singh\Desktop\coding\Data Scientist\NLP\Chrome_SearchBar-autoencoder-NLP\artifacts\03262023__010616\DataTransformation\wordindex\word_index.pkl
[2023-03-26 01:06:19,159]  - INFO - word index successfully save at this position :- C:\Users\Ranjit Singh\Desktop\coding\Data Scientist\NLP\Chrome_SearchBar-autoencoder-NLP\artifacts\03262023__010616\DataTransformation\wordindex\word_index.pkl
[2023-03-26 01:06:19,159]  - INFO - no. of unique words :- 1825
[2023-03-26 01:06:19,163]  - INFO - tokenizer successfully fit and saved on this position :- C:\Users\Ranjit Singh\Desktop\coding\Data Scientist\NLP\Chrome_SearchBar-autoencoder-NLP\artifacts\03262023__010616\DataTransformation\Tokenizer\tokenizer.pkl
[2023-03-26 01:06:19,163]  - INFO - saving the cleaned text file
[2023-03-26 01:06:19,174]  - INFO - successfully saved the cleaned text file !
[2023-03-26 01:06:19,174]  - INFO - sequence data textfile successfully saved at this position :- C:\Users\Ranjit Singh\Desktop\coding\Data Scientist\NLP\Chrome_SearchBar-autoencoder-NLP\artifacts\03262023__010616\DataTransformation\SequenceData\sequencedata.txt
[2023-03-26 01:06:19,174]  - INFO - saving transformed data !
[2023-03-26 01:06:19,177]  - INFO - successfully saved sequence numpy array !
[2023-03-26 01:06:19,193]  - INFO - successfully transformed the y_data !
[2023-03-26 01:06:19,195]  - INFO - saved object file path :- C:\Users\Ranjit Singh\Desktop\coding\Data Scientist\NLP\Chrome_SearchBar-autoencoder-NLP\artifacts\03262023__010616\DataTransformation\Trained_data\x_train.pkl
[2023-03-26 01:06:19,275]  - INFO - saved object file path :- C:\Users\Ranjit Singh\Desktop\coding\Data Scientist\NLP\Chrome_SearchBar-autoencoder-NLP\artifacts\03262023__010616\DataTransformation\Trained_data\y_train.pkl
[2023-03-26 01:06:19,275]  - INFO - succesfully saved your trained data at this position :- C:\Users\Ranjit Singh\Desktop\coding\Data Scientist\NLP\Chrome_SearchBar-autoencoder-NLP\artifacts\03262023__010616\DataTransformation\Trained_data
[2023-03-26 01:06:19,290]  - INFO - successfully load the obj :- C:\Users\Ranjit Singh\Desktop\coding\Data Scientist\NLP\Chrome_SearchBar-autoencoder-NLP\artifacts\03262023__010616\DataTransformation\Trained_data\x_train.pkl
[2023-03-26 01:06:19,306]  - INFO - successfully load the obj :- C:\Users\Ranjit Singh\Desktop\coding\Data Scientist\NLP\Chrome_SearchBar-autoencoder-NLP\artifacts\03262023__010616\DataTransformation\Trained_data\y_train.pkl
[2023-03-26 01:06:19,306]  - INFO - successfully loaded data for the training !
[2023-03-26 01:06:24,495]  - INFO - Model has been declared successfully !
[2023-03-26 01:06:55,045]  - DEBUG - Creating converter from 5 to 3
[2023-03-26 01:07:09,563]  - INFO - model trained successfully !
[2023-03-26 01:07:09,565]  - INFO - saved object file path :- C:\Users\Ranjit Singh\Desktop\coding\Data Scientist\NLP\Chrome_SearchBar-autoencoder-NLP\artifacts\03262023__010616\Model\epoch_history\epoch_history.pkl
[2023-03-26 01:07:09,567]  - DEBUG - Creating converter from 3 to 5
[2023-03-26 01:07:14,991]  - INFO - successfully load the obj :- C:\Users\Ranjit Singh\Desktop\coding\Data Scientist\NLP\Chrome_SearchBar-autoencoder-NLP\artifacts\03262023__010616\DataTransformation\Trained_data\x_train.pkl
[2023-03-26 01:07:15,017]  - INFO - successfully load the obj :- C:\Users\Ranjit Singh\Desktop\coding\Data Scientist\NLP\Chrome_SearchBar-autoencoder-NLP\artifacts\03262023__010616\DataTransformation\Trained_data\y_train.pkl
[2023-03-26 01:07:25,966]  - INFO - model evaluted with this accuracy :-3.6554083228111267 and loss is :- 670.156192779541
[2023-03-26 01:07:25,967]  - INFO - model is overfitted ! Try to regularize your model !
