[2023-03-19 16:06:54,041]  - DEBUG - Falling back to TensorFlow client; we recommended you install the Cloud TPU client directly with pip install cloud-tpu-client.
[2023-03-19 16:06:54,371]  - DEBUG - Creating converter from 7 to 5
[2023-03-19 16:06:54,371]  - DEBUG - Creating converter from 5 to 7
[2023-03-19 16:06:54,371]  - DEBUG - Creating converter from 7 to 5
[2023-03-19 16:06:54,371]  - DEBUG - Creating converter from 5 to 7
[2023-03-19 16:06:56,940]  - INFO - configuring all the dataIngestion path variable
[2023-03-19 16:06:56,941]  - INFO - arranging file path of all chrome history csv files in a list!
[2023-03-19 16:06:56,943]  - INFO - successfully configured
[2023-03-19 16:06:56,943]  - INFO - initiating DataIngestion
[2023-03-19 16:06:56,943]  - INFO - Merging all the csv files in one dataframe!
[2023-03-19 16:06:57,209]  - INFO - file size after merged :- (49449, 1)
[2023-03-19 16:06:57,334]  - INFO - initiated DataIngestion
[2023-03-19 16:06:57,334]  - INFO - initiating datavalidation class
[2023-03-19 16:06:57,508]  - INFO - writing Validationroport.yaml file
[2023-03-19 16:06:57,508]  - INFO - initiating the datacleaning instance methods!
[2023-03-19 16:06:57,576]  - INFO - dropping the duplicate history from history
[2023-03-19 16:06:57,586]  - INFO - successfully droped duplicacy, and now size :- (5946, 1)
[2023-03-19 16:06:57,586]  - INFO - remove less lenght and linc history !
[2023-03-19 16:06:57,737]  - INFO - successfully removed less length and linc, and now size :- (4695, 1)
[2023-03-19 16:06:57,738]  - INFO - cleaning unnecessay words and lowerise the sentences
[2023-03-19 16:06:58,366]  - INFO - successfully cleaned the text!
[2023-03-19 16:06:58,366]  - INFO - concatenating entire titles as a single str!
[2023-03-19 16:06:58,467]  - INFO - successfully concated entire text!
[2023-03-19 16:06:58,467]  - INFO - removing unneccessary extra spaces.
[2023-03-19 16:06:58,516]  - INFO - preparing final text data!
[2023-03-19 16:06:58,531]  - INFO - successfully prepared the final text with length :- 221069
[2023-03-19 16:06:58,535]  - INFO - saving the cleaned text file
[2023-03-19 16:06:58,545]  - INFO - successfully saved the cleaned text file !
[2023-03-19 16:06:58,571]  - INFO - read text file from C:\Users\Ranjit Singh\Desktop\Chrome_SearchBar-autoencoder-NLP\artifacts\03192023__160656\datacleaning\cleaned_file\cleaned_text_file.txt
[2023-03-19 16:07:00,674]  - INFO - text_data successfully lemmetized !
[2023-03-19 16:07:00,674]  - INFO - saving the lemmetized file at this position :- C:\Users\Ranjit Singh\Desktop\Chrome_SearchBar-autoencoder-NLP\artifacts\03192023__160656\DataTransformation\lemmetized\lemmetized.txt
[2023-03-19 16:07:00,690]  - INFO - saving the cleaned text file
[2023-03-19 16:07:00,690]  - INFO - successfully saved the cleaned text file !
[2023-03-19 16:07:00,737]  - INFO - saved object file path :- C:\Users\Ranjit Singh\Desktop\Chrome_SearchBar-autoencoder-NLP\artifacts\03192023__160656\DataTransformation\wordindex\word_index.pkl
[2023-03-19 16:07:00,737]  - INFO - word index successfully save at this position :- C:\Users\Ranjit Singh\Desktop\Chrome_SearchBar-autoencoder-NLP\artifacts\03192023__160656\DataTransformation\wordindex\word_index.pkl
[2023-03-19 16:07:00,737]  - INFO - tokenizer successfully fit and saved on this position :- C:\Users\Ranjit Singh\Desktop\Chrome_SearchBar-autoencoder-NLP\artifacts\03192023__160656\DataTransformation\Tokenizer\tokenizer.pkl
[2023-03-19 16:07:00,784]  - INFO - saving the cleaned text file
