[2023-03-19 16:12:47,585]  - DEBUG - Falling back to TensorFlow client; we recommended you install the Cloud TPU client directly with pip install cloud-tpu-client.
[2023-03-19 16:12:47,916]  - DEBUG - Creating converter from 7 to 5
[2023-03-19 16:12:47,916]  - DEBUG - Creating converter from 5 to 7
[2023-03-19 16:12:47,916]  - DEBUG - Creating converter from 7 to 5
[2023-03-19 16:12:47,916]  - DEBUG - Creating converter from 5 to 7
[2023-03-19 16:12:50,550]  - INFO - configuring all the dataIngestion path variable
[2023-03-19 16:12:50,550]  - INFO - arranging file path of all chrome history csv files in a list!
[2023-03-19 16:12:50,566]  - INFO - successfully configured
[2023-03-19 16:12:50,566]  - INFO - initiating DataIngestion
[2023-03-19 16:12:50,566]  - INFO - Merging all the csv files in one dataframe!
[2023-03-19 16:12:50,834]  - INFO - file size after merged :- (49449, 1)
[2023-03-19 16:12:50,958]  - INFO - initiated DataIngestion
[2023-03-19 16:12:50,958]  - INFO - initiating datavalidation class
[2023-03-19 16:12:51,130]  - INFO - writing Validationroport.yaml file
[2023-03-19 16:12:51,130]  - INFO - initiating the datacleaning instance methods!
[2023-03-19 16:12:51,201]  - INFO - dropping the duplicate history from history
[2023-03-19 16:12:51,216]  - INFO - successfully droped duplicacy, and now size :- (5946, 1)
[2023-03-19 16:12:51,216]  - INFO - remove less lenght and linc history !
[2023-03-19 16:12:51,362]  - INFO - successfully removed less length and linc, and now size :- (4695, 1)
[2023-03-19 16:12:51,362]  - INFO - cleaning unnecessay words and lowerise the sentences
[2023-03-19 16:12:52,127]  - INFO - successfully cleaned the text!
[2023-03-19 16:12:52,127]  - INFO - concatenating entire titles as a single str!
[2023-03-19 16:12:52,209]  - INFO - successfully concated entire text!
[2023-03-19 16:12:52,209]  - INFO - removing unneccessary extra spaces.
[2023-03-19 16:12:52,245]  - INFO - preparing final text data!
[2023-03-19 16:12:52,255]  - INFO - successfully prepared the final text with length :- 221069
[2023-03-19 16:12:52,256]  - INFO - saving the cleaned text file
[2023-03-19 16:12:52,262]  - INFO - successfully saved the cleaned text file !
[2023-03-19 16:12:52,282]  - INFO - read text file from C:\Users\Ranjit Singh\Desktop\Chrome_SearchBar-autoencoder-NLP\artifacts\03192023__161250\datacleaning\cleaned_file\cleaned_text_file.txt
[2023-03-19 16:12:54,361]  - INFO - text_data successfully lemmetized !
[2023-03-19 16:12:54,361]  - INFO - saving the lemmetized file at this position :- C:\Users\Ranjit Singh\Desktop\Chrome_SearchBar-autoencoder-NLP\artifacts\03192023__161250\DataTransformation\lemmetized\lemmetized.txt
[2023-03-19 16:12:54,361]  - INFO - saving the cleaned text file
[2023-03-19 16:12:54,361]  - INFO - successfully saved the cleaned text file !
[2023-03-19 16:12:54,408]  - INFO - saved object file path :- C:\Users\Ranjit Singh\Desktop\Chrome_SearchBar-autoencoder-NLP\artifacts\03192023__161250\DataTransformation\wordindex\word_index.pkl
[2023-03-19 16:12:54,408]  - INFO - word index successfully save at this position :- C:\Users\Ranjit Singh\Desktop\Chrome_SearchBar-autoencoder-NLP\artifacts\03192023__161250\DataTransformation\wordindex\word_index.pkl
[2023-03-19 16:12:54,408]  - INFO - tokenizer successfully fit and saved on this position :- C:\Users\Ranjit Singh\Desktop\Chrome_SearchBar-autoencoder-NLP\artifacts\03192023__161250\DataTransformation\Tokenizer\tokenizer.pkl
[2023-03-19 16:12:54,454]  - INFO - saving the cleaned text file
[2023-03-19 16:12:54,454]  - INFO - successfully saved the cleaned text file !
[2023-03-19 16:12:54,454]  - INFO - sequence data textfile successfully saved at this position :- C:\Users\Ranjit Singh\Desktop\Chrome_SearchBar-autoencoder-NLP\artifacts\03192023__161250\DataTransformation\SequenceData\sequencedata.txt
[2023-03-19 16:12:54,454]  - INFO - saving transformed data !
[2023-03-19 16:12:54,472]  - INFO - successfully saved sequence numpy array !
[2023-03-19 16:12:54,566]  - INFO - successfully transformed the y_data !
[2023-03-19 16:12:54,566]  - INFO - saved object file path :- C:\Users\Ranjit Singh\Desktop\Chrome_SearchBar-autoencoder-NLP\artifacts\03192023__161250\DataTransformation\Trained_data\x_train.pkl
[2023-03-19 16:12:57,806]  - INFO - saved object file path :- C:\Users\Ranjit Singh\Desktop\Chrome_SearchBar-autoencoder-NLP\artifacts\03192023__161250\DataTransformation\Trained_data\y_train.pkl
[2023-03-19 16:12:57,807]  - INFO - succesfully saved your trained data at this position :- C:\Users\Ranjit Singh\Desktop\Chrome_SearchBar-autoencoder-NLP\artifacts\03192023__161250\DataTransformation\Trained_data
