[2023-03-15 22:00:52,185]  - INFO - configuring all the dataIngestion path variable
[2023-03-15 22:00:52,185]  - INFO - arranging file path of all chrome history csv files in a list!
[2023-03-15 22:00:52,185]  - INFO - successfully configured
[2023-03-15 22:00:52,185]  - INFO - initiating DataIngestion
[2023-03-15 22:00:52,185]  - INFO - Merging all the csv files in one dataframe!
[2023-03-15 22:00:52,545]  - INFO - file size after merged :- (49449, 1)
[2023-03-15 22:00:52,885]  - INFO - initiated DataIngestion
[2023-03-15 22:00:52,886]  - INFO - initiating datavalidation class
[2023-03-15 22:00:53,265]  - INFO - writing Validationroport.yaml file
[2023-03-15 22:00:53,265]  - INFO - initiating the datacleaning instance methods!
[2023-03-15 22:00:53,327]  - INFO - dropping the duplicate history from history
[2023-03-15 22:00:53,343]  - INFO - successfully droped duplicacy, and now size :- (5946, 1)
[2023-03-15 22:00:53,343]  - INFO - remove less lenght and linc history !
[2023-03-15 22:00:53,469]  - INFO - successfully removed less length and linc, and now size :- (4695, 1)
[2023-03-15 22:00:53,470]  - INFO - cleaning unnecessay words and lowerise the sentences
[2023-03-15 22:00:54,259]  - INFO - successfully cleaned the text!
[2023-03-15 22:00:54,260]  - INFO - concatenating entire titles as a single str!
[2023-03-15 22:00:54,355]  - INFO - successfully concated entire text!
[2023-03-15 22:00:54,356]  - INFO - removing unneccessary extra spaces.
[2023-03-15 22:00:54,386]  - INFO - preparing final text data!
[2023-03-15 22:00:54,399]  - INFO - successfully prepared the final text with length :- 221069
[2023-03-15 22:00:54,400]  - INFO - saving the cleaned text file
[2023-03-15 22:00:54,408]  - INFO - successfully saved the cleaned text file !
