[2023-03-26 01:24:25,053]  - DEBUG - Falling back to TensorFlow client; we recommended you install the Cloud TPU client directly with pip install cloud-tpu-client.
[2023-03-26 01:24:25,399]  - DEBUG - Creating converter from 7 to 5
[2023-03-26 01:24:25,399]  - DEBUG - Creating converter from 5 to 7
[2023-03-26 01:24:25,399]  - DEBUG - Creating converter from 7 to 5
[2023-03-26 01:24:25,399]  - DEBUG - Creating converter from 5 to 7
[2023-03-26 01:24:27,996]  - INFO - configuring all the dataIngestion path variable
[2023-03-26 01:24:27,996]  - INFO - arranging file path of all chrome history csv files in a list!
[2023-03-26 01:24:27,996]  - INFO - successfully configured
[2023-03-26 01:24:27,996]  - INFO - initiating DataIngestion
[2023-03-26 01:24:28,000]  - INFO - Merging all the csv files in one dataframe!
[2023-03-26 01:24:28,048]  - INFO - file size after merged :- (10399, 1)
[2023-03-26 01:24:28,079]  - INFO - initiated DataIngestion
[2023-03-26 01:24:28,079]  - INFO - initiating datavalidation class
[2023-03-26 01:24:28,134]  - INFO - writing Validationroport.yaml file
[2023-03-26 01:24:28,134]  - INFO - initiating the datacleaning instance methods!
[2023-03-26 01:24:28,136]  - INFO - dropping the duplicate history from history
[2023-03-26 01:24:28,154]  - INFO - successfully droped duplicacy, and now size :- (1328, 1)
[2023-03-26 01:24:28,154]  - INFO - remove less lenght and linc history !
[2023-03-26 01:24:28,180]  - INFO - successfully removed less length and linc, and now size :- (849, 1)
[2023-03-26 01:24:28,180]  - INFO - cleaning unnecessay words and lowerise the sentences
[2023-03-26 01:24:28,244]  - INFO - successfully cleaned the text!
[2023-03-26 01:24:28,244]  - INFO - concatenating entire titles as a single str!
[2023-03-26 01:24:28,244]  - INFO - successfully concated entire text!
[2023-03-26 01:24:28,244]  - INFO - removing unneccessary extra spaces.
[2023-03-26 01:24:28,260]  - INFO - preparing final text data!
[2023-03-26 01:24:28,260]  - INFO - successfully prepared the final text with length :- 35143
[2023-03-26 01:24:28,260]  - INFO - saving the cleaned text file
[2023-03-26 01:24:28,269]  - INFO - successfully saved the cleaned text file !
[2023-03-26 01:24:28,270]  - INFO - read text file from C:\Users\Ranjit Singh\Desktop\coding\Data Scientist\NLP\Chrome_SearchBar-autoencoder-NLP\artifacts\03262023__012427\datacleaning\cleaned_file\cleaned_text_file.txt
[2023-03-26 01:24:30,361]  - INFO - text_data successfully lemmetized !
[2023-03-26 01:24:30,361]  - INFO - saving the lemmetized file at this position :- C:\Users\Ranjit Singh\Desktop\coding\Data Scientist\NLP\Chrome_SearchBar-autoencoder-NLP\artifacts\03262023__012427\DataTransformation\lemmetized\lemmetized.txt
[2023-03-26 01:24:30,361]  - INFO - saving the cleaned text file
[2023-03-26 01:24:30,368]  - INFO - successfully saved the cleaned text file !
[2023-03-26 01:24:30,387]  - INFO - saved object file path :- C:\Users\Ranjit Singh\Desktop\coding\Data Scientist\NLP\Chrome_SearchBar-autoencoder-NLP\artifacts\03262023__012427\DataTransformation\wordindex\word_index.pkl
[2023-03-26 01:24:30,388]  - INFO - word index successfully save at this position :- C:\Users\Ranjit Singh\Desktop\coding\Data Scientist\NLP\Chrome_SearchBar-autoencoder-NLP\artifacts\03262023__012427\DataTransformation\wordindex\word_index.pkl
[2023-03-26 01:24:30,388]  - INFO - no. of unique words :- 1825
[2023-03-26 01:24:30,392]  - INFO - tokenizer successfully fit and saved on this position :- C:\Users\Ranjit Singh\Desktop\coding\Data Scientist\NLP\Chrome_SearchBar-autoencoder-NLP\artifacts\03262023__012427\DataTransformation\Tokenizer\tokenizer.pkl
[2023-03-26 01:24:30,392]  - INFO - saving the cleaned text file
[2023-03-26 01:24:30,404]  - INFO - successfully saved the cleaned text file !
[2023-03-26 01:24:30,404]  - INFO - sequence data textfile successfully saved at this position :- C:\Users\Ranjit Singh\Desktop\coding\Data Scientist\NLP\Chrome_SearchBar-autoencoder-NLP\artifacts\03262023__012427\DataTransformation\SequenceData\sequencedata.txt
[2023-03-26 01:24:30,404]  - INFO - saving transformed data !
[2023-03-26 01:24:30,406]  - INFO - successfully saved sequence numpy array !
[2023-03-26 01:24:30,422]  - INFO - successfully transformed the y_data !
[2023-03-26 01:24:30,424]  - INFO - saved object file path :- C:\Users\Ranjit Singh\Desktop\coding\Data Scientist\NLP\Chrome_SearchBar-autoencoder-NLP\artifacts\03262023__012427\DataTransformation\Trained_data\x_train.pkl
[2023-03-26 01:24:30,520]  - INFO - saved object file path :- C:\Users\Ranjit Singh\Desktop\coding\Data Scientist\NLP\Chrome_SearchBar-autoencoder-NLP\artifacts\03262023__012427\DataTransformation\Trained_data\y_train.pkl
[2023-03-26 01:24:30,520]  - INFO - succesfully saved your trained data at this position :- C:\Users\Ranjit Singh\Desktop\coding\Data Scientist\NLP\Chrome_SearchBar-autoencoder-NLP\artifacts\03262023__012427\DataTransformation\Trained_data
[2023-03-26 01:24:30,526]  - INFO - successfully load the obj :- C:\Users\Ranjit Singh\Desktop\coding\Data Scientist\NLP\Chrome_SearchBar-autoencoder-NLP\artifacts\03262023__012427\DataTransformation\Trained_data\x_train.pkl
[2023-03-26 01:24:30,542]  - INFO - successfully load the obj :- C:\Users\Ranjit Singh\Desktop\coding\Data Scientist\NLP\Chrome_SearchBar-autoencoder-NLP\artifacts\03262023__012427\DataTransformation\Trained_data\y_train.pkl
[2023-03-26 01:24:30,542]  - INFO - successfully loaded data for the training !
[2023-03-26 01:24:35,708]  - INFO - Model has been declared successfully !
[2023-03-26 01:25:06,223]  - DEBUG - Creating converter from 5 to 3
[2023-03-26 01:25:20,775]  - INFO - model trained successfully !
[2023-03-26 01:25:20,778]  - INFO - saved object file path :- C:\Users\Ranjit Singh\Desktop\coding\Data Scientist\NLP\Chrome_SearchBar-autoencoder-NLP\artifacts\03262023__012427\Model\epoch_history\epoch_history.pkl
[2023-03-26 01:25:20,780]  - DEBUG - Creating converter from 3 to 5
[2023-03-26 01:25:26,173]  - INFO - successfully load the obj :- C:\Users\Ranjit Singh\Desktop\coding\Data Scientist\NLP\Chrome_SearchBar-autoencoder-NLP\artifacts\03262023__012427\DataTransformation\Trained_data\x_train.pkl
[2023-03-26 01:25:26,188]  - INFO - successfully load the obj :- C:\Users\Ranjit Singh\Desktop\coding\Data Scientist\NLP\Chrome_SearchBar-autoencoder-NLP\artifacts\03262023__012427\DataTransformation\Trained_data\y_train.pkl
[2023-03-26 01:25:35,196]  - INFO - model evaluted with this accuracy :-3.66 and loss is :- 67.98
[2023-03-26 01:25:35,197]  - INFO - Model is underfit !
