[2023-03-19 13:17:10,015]  - INFO - configuring all the dataIngestion path variable
[2023-03-19 13:17:10,015]  - INFO - arranging file path of all chrome history csv files in a list!
[2023-03-19 13:17:10,015]  - INFO - successfully configured
[2023-03-19 13:17:10,015]  - INFO - initiating DataIngestion
[2023-03-19 13:17:10,015]  - INFO - Merging all the csv files in one dataframe!
[2023-03-19 13:17:10,328]  - INFO - file size after merged :- (49449, 1)
[2023-03-19 13:17:10,468]  - INFO - initiated DataIngestion
[2023-03-19 13:17:10,468]  - INFO - initiating datavalidation class
[2023-03-19 13:17:10,664]  - INFO - writing Validationroport.yaml file
[2023-03-19 13:17:10,666]  - INFO - initiating the datacleaning instance methods!
[2023-03-19 13:17:10,737]  - INFO - dropping the duplicate history from history
[2023-03-19 13:17:10,748]  - INFO - successfully droped duplicacy, and now size :- (5946, 1)
[2023-03-19 13:17:10,748]  - INFO - remove less lenght and linc history !
[2023-03-19 13:17:10,882]  - INFO - successfully removed less length and linc, and now size :- (4695, 1)
[2023-03-19 13:17:10,882]  - INFO - cleaning unnecessay words and lowerise the sentences
[2023-03-19 13:17:11,702]  - INFO - successfully cleaned the text!
[2023-03-19 13:17:11,702]  - INFO - concatenating entire titles as a single str!
[2023-03-19 13:17:11,802]  - INFO - successfully concated entire text!
[2023-03-19 13:17:11,802]  - INFO - removing unneccessary extra spaces.
[2023-03-19 13:17:11,872]  - INFO - preparing final text data!
[2023-03-19 13:17:11,883]  - INFO - successfully prepared the final text with length :- 221069
[2023-03-19 13:17:11,884]  - INFO - saving the cleaned text file
[2023-03-19 13:17:11,891]  - INFO - successfully saved the cleaned text file !
[2023-03-19 13:17:11,915]  - INFO - read text file from C:\Users\Ranjit Singh\Desktop\Chrome_SearchBar-autoencoder-NLP\artifacts\03192023__131710\datacleaning\cleaned_file\cleaned_text_file.txt
[2023-03-19 13:17:13,861]  - INFO - text_data successfully lemmetized !
[2023-03-19 13:17:13,861]  - INFO - saving the lemmetized file at this position :- C:\Users\Ranjit Singh\Desktop\Chrome_SearchBar-autoencoder-NLP\artifacts\03192023__131710\DataTransformation\lemmetized\lemmetized.txt
[2023-03-19 13:17:13,861]  - INFO - saving the cleaned text file
[2023-03-19 13:17:13,861]  - INFO - successfully saved the cleaned text file !
