[2023-03-26 01:14:13,972]  - DEBUG - Falling back to TensorFlow client; we recommended you install the Cloud TPU client directly with pip install cloud-tpu-client.
[2023-03-26 01:14:14,316]  - DEBUG - Creating converter from 7 to 5
[2023-03-26 01:14:14,316]  - DEBUG - Creating converter from 5 to 7
[2023-03-26 01:14:14,316]  - DEBUG - Creating converter from 7 to 5
[2023-03-26 01:14:14,316]  - DEBUG - Creating converter from 5 to 7
[2023-03-26 01:14:16,912]  - INFO - configuring all the dataIngestion path variable
[2023-03-26 01:14:16,912]  - INFO - arranging file path of all chrome history csv files in a list!
[2023-03-26 01:14:16,912]  - INFO - successfully configured
[2023-03-26 01:14:16,912]  - INFO - initiating DataIngestion
[2023-03-26 01:14:16,916]  - INFO - Merging all the csv files in one dataframe!
[2023-03-26 01:14:16,964]  - INFO - file size after merged :- (10399, 1)
[2023-03-26 01:14:16,998]  - INFO - initiated DataIngestion
[2023-03-26 01:14:16,998]  - INFO - initiating datavalidation class
[2023-03-26 01:14:17,051]  - INFO - writing Validationroport.yaml file
[2023-03-26 01:14:17,051]  - INFO - initiating the datacleaning instance methods!
[2023-03-26 01:14:17,053]  - INFO - dropping the duplicate history from history
[2023-03-26 01:14:17,069]  - INFO - successfully droped duplicacy, and now size :- (1328, 1)
[2023-03-26 01:14:17,069]  - INFO - remove less lenght and linc history !
[2023-03-26 01:14:17,084]  - INFO - successfully removed less length and linc, and now size :- (849, 1)
[2023-03-26 01:14:17,084]  - INFO - cleaning unnecessay words and lowerise the sentences
[2023-03-26 01:14:17,163]  - INFO - successfully cleaned the text!
[2023-03-26 01:14:17,163]  - INFO - concatenating entire titles as a single str!
[2023-03-26 01:14:17,163]  - INFO - successfully concated entire text!
[2023-03-26 01:14:17,163]  - INFO - removing unneccessary extra spaces.
[2023-03-26 01:14:17,163]  - INFO - preparing final text data!
[2023-03-26 01:14:17,178]  - INFO - successfully prepared the final text with length :- 35143
[2023-03-26 01:14:17,178]  - INFO - saving the cleaned text file
[2023-03-26 01:14:17,182]  - INFO - successfully saved the cleaned text file !
[2023-03-26 01:14:17,183]  - INFO - read text file from C:\Users\Ranjit Singh\Desktop\coding\Data Scientist\NLP\Chrome_SearchBar-autoencoder-NLP\artifacts\03262023__011416\datacleaning\cleaned_file\cleaned_text_file.txt
[2023-03-26 01:14:19,306]  - INFO - text_data successfully lemmetized !
[2023-03-26 01:14:19,306]  - INFO - saving the lemmetized file at this position :- C:\Users\Ranjit Singh\Desktop\coding\Data Scientist\NLP\Chrome_SearchBar-autoencoder-NLP\artifacts\03262023__011416\DataTransformation\lemmetized\lemmetized.txt
[2023-03-26 01:14:19,306]  - INFO - saving the cleaned text file
[2023-03-26 01:14:19,320]  - INFO - successfully saved the cleaned text file !
[2023-03-26 01:14:19,340]  - INFO - saved object file path :- C:\Users\Ranjit Singh\Desktop\coding\Data Scientist\NLP\Chrome_SearchBar-autoencoder-NLP\artifacts\03262023__011416\DataTransformation\wordindex\word_index.pkl
[2023-03-26 01:14:19,340]  - INFO - word index successfully save at this position :- C:\Users\Ranjit Singh\Desktop\coding\Data Scientist\NLP\Chrome_SearchBar-autoencoder-NLP\artifacts\03262023__011416\DataTransformation\wordindex\word_index.pkl
[2023-03-26 01:14:19,340]  - INFO - no. of unique words :- 1825
[2023-03-26 01:14:19,344]  - INFO - tokenizer successfully fit and saved on this position :- C:\Users\Ranjit Singh\Desktop\coding\Data Scientist\NLP\Chrome_SearchBar-autoencoder-NLP\artifacts\03262023__011416\DataTransformation\Tokenizer\tokenizer.pkl
[2023-03-26 01:14:19,344]  - INFO - saving the cleaned text file
[2023-03-26 01:14:19,354]  - INFO - successfully saved the cleaned text file !
[2023-03-26 01:14:19,354]  - INFO - sequence data textfile successfully saved at this position :- C:\Users\Ranjit Singh\Desktop\coding\Data Scientist\NLP\Chrome_SearchBar-autoencoder-NLP\artifacts\03262023__011416\DataTransformation\SequenceData\sequencedata.txt
[2023-03-26 01:14:19,354]  - INFO - saving transformed data !
[2023-03-26 01:14:19,354]  - INFO - successfully saved sequence numpy array !
[2023-03-26 01:14:19,372]  - INFO - successfully transformed the y_data !
[2023-03-26 01:14:19,375]  - INFO - saved object file path :- C:\Users\Ranjit Singh\Desktop\coding\Data Scientist\NLP\Chrome_SearchBar-autoencoder-NLP\artifacts\03262023__011416\DataTransformation\Trained_data\x_train.pkl
[2023-03-26 01:14:19,453]  - INFO - saved object file path :- C:\Users\Ranjit Singh\Desktop\coding\Data Scientist\NLP\Chrome_SearchBar-autoencoder-NLP\artifacts\03262023__011416\DataTransformation\Trained_data\y_train.pkl
[2023-03-26 01:14:19,453]  - INFO - succesfully saved your trained data at this position :- C:\Users\Ranjit Singh\Desktop\coding\Data Scientist\NLP\Chrome_SearchBar-autoencoder-NLP\artifacts\03262023__011416\DataTransformation\Trained_data
[2023-03-26 01:14:19,458]  - INFO - successfully load the obj :- C:\Users\Ranjit Singh\Desktop\coding\Data Scientist\NLP\Chrome_SearchBar-autoencoder-NLP\artifacts\03262023__011416\DataTransformation\Trained_data\x_train.pkl
[2023-03-26 01:14:19,474]  - INFO - successfully load the obj :- C:\Users\Ranjit Singh\Desktop\coding\Data Scientist\NLP\Chrome_SearchBar-autoencoder-NLP\artifacts\03262023__011416\DataTransformation\Trained_data\y_train.pkl
[2023-03-26 01:14:19,474]  - INFO - successfully loaded data for the training !
[2023-03-26 01:14:24,675]  - INFO - Model has been declared successfully !
[2023-03-26 01:14:55,115]  - DEBUG - Creating converter from 5 to 3
[2023-03-26 01:15:09,703]  - INFO - model trained successfully !
[2023-03-26 01:15:09,706]  - INFO - saved object file path :- C:\Users\Ranjit Singh\Desktop\coding\Data Scientist\NLP\Chrome_SearchBar-autoencoder-NLP\artifacts\03262023__011416\Model\epoch_history\epoch_history.pkl
[2023-03-26 01:15:09,707]  - DEBUG - Creating converter from 3 to 5
[2023-03-26 01:15:14,955]  - INFO - successfully load the obj :- C:\Users\Ranjit Singh\Desktop\coding\Data Scientist\NLP\Chrome_SearchBar-autoencoder-NLP\artifacts\03262023__011416\DataTransformation\Trained_data\x_train.pkl
[2023-03-26 01:15:14,971]  - INFO - successfully load the obj :- C:\Users\Ranjit Singh\Desktop\coding\Data Scientist\NLP\Chrome_SearchBar-autoencoder-NLP\artifacts\03262023__011416\DataTransformation\Trained_data\y_train.pkl
[2023-03-26 01:15:24,089]  - INFO - model evaluted with this accuracy :-3.3133819699287415 and loss is :- 66.4018201828003
[2023-03-26 01:15:24,091]  - INFO - model is overfitted ! Try to regularize your model !
