[2023-03-19 12:59:05,544]  - INFO - configuring all the dataIngestion path variable
[2023-03-19 12:59:05,544]  - INFO - arranging file path of all chrome history csv files in a list!
[2023-03-19 12:59:05,544]  - INFO - successfully configured
[2023-03-19 12:59:05,544]  - INFO - initiating DataIngestion
[2023-03-19 12:59:05,544]  - INFO - Merging all the csv files in one dataframe!
[2023-03-19 12:59:05,939]  - INFO - file size after merged :- (49449, 1)
[2023-03-19 12:59:06,080]  - INFO - initiated DataIngestion
[2023-03-19 12:59:06,080]  - INFO - initiating datavalidation class
[2023-03-19 12:59:06,318]  - INFO - writing Validationroport.yaml file
[2023-03-19 12:59:06,321]  - INFO - initiating the datacleaning instance methods!
[2023-03-19 12:59:06,382]  - INFO - dropping the duplicate history from history
[2023-03-19 12:59:06,386]  - INFO - successfully droped duplicacy, and now size :- (5946, 1)
[2023-03-19 12:59:06,386]  - INFO - remove less lenght and linc history !
[2023-03-19 12:59:06,495]  - INFO - successfully removed less length and linc, and now size :- (4695, 1)
[2023-03-19 12:59:06,495]  - INFO - cleaning unnecessay words and lowerise the sentences
[2023-03-19 12:59:07,408]  - INFO - successfully cleaned the text!
[2023-03-19 12:59:07,409]  - INFO - concatenating entire titles as a single str!
[2023-03-19 12:59:07,468]  - INFO - successfully concated entire text!
[2023-03-19 12:59:07,468]  - INFO - removing unneccessary extra spaces.
[2023-03-19 12:59:07,538]  - INFO - preparing final text data!
[2023-03-19 12:59:07,564]  - INFO - successfully prepared the final text with length :- 221069
[2023-03-19 12:59:07,565]  - INFO - saving the cleaned text file
[2023-03-19 12:59:07,573]  - INFO - successfully saved the cleaned text file !
[2023-03-19 12:59:07,604]  - INFO - read text file from C:\Users\Ranjit Singh\Desktop\Chrome_SearchBar-autoencoder-NLP\artifacts\03192023__125905\datacleaning\cleaned_file\cleaned_text_file.txt
[2023-03-19 12:59:09,977]  - INFO - text_data successfully lemmetized !
[2023-03-19 12:59:09,977]  - INFO - saving the lemmetized file at this position :- C:\Users\Ranjit Singh\Desktop\Chrome_SearchBar-autoencoder-NLP\artifacts\03192023__125905\DataTransformation\lemmetized\lemmetized.txt
[2023-03-19 12:59:09,977]  - INFO - saving the cleaned text file
[2023-03-19 12:59:09,979]  - INFO - successfully saved the cleaned text file !
