[2023-03-27 11:59:50,418]  - DEBUG - Falling back to TensorFlow client; we recommended you install the Cloud TPU client directly with pip install cloud-tpu-client.
[2023-03-27 11:59:50,748]  - DEBUG - Creating converter from 7 to 5
[2023-03-27 11:59:50,748]  - DEBUG - Creating converter from 5 to 7
[2023-03-27 11:59:50,748]  - DEBUG - Creating converter from 7 to 5
[2023-03-27 11:59:50,748]  - DEBUG - Creating converter from 5 to 7
[2023-03-27 11:59:53,367]  - INFO - configuring all the dataIngestion path variable
[2023-03-27 11:59:53,367]  - INFO - arranging file path of all chrome history csv files in a list!
[2023-03-27 11:59:53,367]  - INFO - successfully configured
[2023-03-27 11:59:53,367]  - INFO - initiating DataIngestion
[2023-03-27 11:59:53,367]  - INFO - Merging all the csv files in one dataframe!
[2023-03-27 11:59:53,430]  - INFO - file size after merged :- (10399, 1)
[2023-03-27 11:59:53,445]  - INFO - initiated DataIngestion
[2023-03-27 11:59:53,445]  - INFO - initiating datavalidation class
[2023-03-27 11:59:53,508]  - INFO - writing Validationroport.yaml file
[2023-03-27 11:59:53,508]  - INFO - initiating the datacleaning instance methods!
[2023-03-27 11:59:53,524]  - INFO - dropping the duplicate history from history
[2023-03-27 11:59:53,524]  - INFO - successfully droped duplicacy, and now size :- (1328, 1)
[2023-03-27 11:59:53,524]  - INFO - remove less lenght and linc history !
[2023-03-27 11:59:53,555]  - INFO - successfully removed less length and linc, and now size :- (849, 1)
[2023-03-27 11:59:53,555]  - INFO - cleaning unnecessay words and lowerise the sentences
[2023-03-27 11:59:53,617]  - INFO - successfully cleaned the text!
[2023-03-27 11:59:53,617]  - INFO - concatenating entire titles as a single str!
[2023-03-27 11:59:53,617]  - INFO - successfully concated entire text!
[2023-03-27 11:59:53,617]  - INFO - removing unneccessary extra spaces.
[2023-03-27 11:59:53,633]  - INFO - preparing final text data!
[2023-03-27 11:59:53,633]  - INFO - successfully prepared the final text with length :- 35143
[2023-03-27 11:59:53,633]  - INFO - saving the cleaned text file
[2023-03-27 11:59:53,633]  - INFO - successfully saved the cleaned text file !
[2023-03-27 11:59:53,649]  - INFO - read text file from C:\Users\Ranjit Singh\Desktop\coding\Data Scientist\NLP\Chrome_SearchBar-autoencoder-NLP\artifacts\03272023__115953\datacleaning\cleaned_file\cleaned_text_file.txt
[2023-03-27 11:59:55,923]  - INFO - text_data successfully lemmetized !
[2023-03-27 11:59:55,923]  - INFO - saving the lemmetized file at this position :- C:\Users\Ranjit Singh\Desktop\coding\Data Scientist\NLP\Chrome_SearchBar-autoencoder-NLP\artifacts\03272023__115953\DataTransformation\lemmetized\lemmetized.txt
[2023-03-27 11:59:55,923]  - INFO - saving the cleaned text file
[2023-03-27 11:59:55,938]  - INFO - successfully saved the cleaned text file !
[2023-03-27 11:59:55,938]  - INFO - saved object file path :- C:\Users\Ranjit Singh\Desktop\coding\Data Scientist\NLP\Chrome_SearchBar-autoencoder-NLP\artifacts\03272023__115953\DataTransformation\lemmetized\lemmetizer.pkl
[2023-03-27 11:59:55,954]  - INFO - saved object file path :- C:\Users\Ranjit Singh\Desktop\coding\Data Scientist\NLP\Chrome_SearchBar-autoencoder-NLP\artifacts\03272023__115953\DataTransformation\wordindex\word_index.pkl
[2023-03-27 11:59:55,954]  - INFO - word index successfully save at this position :- C:\Users\Ranjit Singh\Desktop\coding\Data Scientist\NLP\Chrome_SearchBar-autoencoder-NLP\artifacts\03272023__115953\DataTransformation\wordindex\word_index.pkl
[2023-03-27 11:59:55,954]  - INFO - no. of unique words :- 1825
[2023-03-27 11:59:55,954]  - INFO - tokenizer successfully fit and saved on this position :- C:\Users\Ranjit Singh\Desktop\coding\Data Scientist\NLP\Chrome_SearchBar-autoencoder-NLP\artifacts\03272023__115953\DataTransformation\Tokenizer\tokenizer.pkl
[2023-03-27 11:59:55,969]  - INFO - saving the cleaned text file
[2023-03-27 11:59:55,969]  - INFO - successfully saved the cleaned text file !
[2023-03-27 11:59:55,969]  - INFO - sequence data textfile successfully saved at this position :- C:\Users\Ranjit Singh\Desktop\coding\Data Scientist\NLP\Chrome_SearchBar-autoencoder-NLP\artifacts\03272023__115953\DataTransformation\SequenceData\sequencedata.txt
[2023-03-27 11:59:55,969]  - INFO - saving transformed data !
[2023-03-27 11:59:55,969]  - INFO - successfully saved sequence numpy array !
[2023-03-27 11:59:55,994]  - INFO - successfully transformed the y_data !
[2023-03-27 11:59:55,997]  - INFO - saved object file path :- C:\Users\Ranjit Singh\Desktop\coding\Data Scientist\NLP\Chrome_SearchBar-autoencoder-NLP\artifacts\03272023__115953\DataTransformation\Trained_data\x_train.pkl
[2023-03-27 11:59:56,095]  - INFO - saved object file path :- C:\Users\Ranjit Singh\Desktop\coding\Data Scientist\NLP\Chrome_SearchBar-autoencoder-NLP\artifacts\03272023__115953\DataTransformation\Trained_data\y_train.pkl
[2023-03-27 11:59:56,095]  - INFO - succesfully saved your trained data at this position :- C:\Users\Ranjit Singh\Desktop\coding\Data Scientist\NLP\Chrome_SearchBar-autoencoder-NLP\artifacts\03272023__115953\DataTransformation\Trained_data
[2023-03-27 11:59:56,095]  - INFO - successfully load the obj :- C:\Users\Ranjit Singh\Desktop\coding\Data Scientist\NLP\Chrome_SearchBar-autoencoder-NLP\artifacts\03272023__115953\DataTransformation\Trained_data\x_train.pkl
[2023-03-27 11:59:56,127]  - INFO - successfully load the obj :- C:\Users\Ranjit Singh\Desktop\coding\Data Scientist\NLP\Chrome_SearchBar-autoencoder-NLP\artifacts\03272023__115953\DataTransformation\Trained_data\y_train.pkl
[2023-03-27 11:59:56,127]  - INFO - successfully loaded data for the training !
[2023-03-27 12:00:01,333]  - INFO - Model has been declared successfully !
[2023-03-27 12:00:31,663]  - DEBUG - Creating converter from 5 to 3
[2023-03-27 12:00:46,352]  - INFO - model trained successfully !
[2023-03-27 12:00:46,356]  - INFO - saved object file path :- C:\Users\Ranjit Singh\Desktop\coding\Data Scientist\NLP\Chrome_SearchBar-autoencoder-NLP\artifacts\03272023__115953\Model\epoch_history\epoch_history.pkl
[2023-03-27 12:00:46,369]  - DEBUG - Creating converter from 3 to 5
[2023-03-27 12:00:51,557]  - INFO - successfully load the obj :- C:\Users\Ranjit Singh\Desktop\coding\Data Scientist\NLP\Chrome_SearchBar-autoencoder-NLP\artifacts\03272023__115953\DataTransformation\Trained_data\x_train.pkl
[2023-03-27 12:00:51,573]  - INFO - successfully load the obj :- C:\Users\Ranjit Singh\Desktop\coding\Data Scientist\NLP\Chrome_SearchBar-autoencoder-NLP\artifacts\03272023__115953\DataTransformation\Trained_data\y_train.pkl
[2023-03-27 12:01:00,431]  - INFO - model evaluted with this accuracy :-3.66 and loss is :- 66.57
[2023-03-27 12:01:00,431]  - INFO - Model is underfit !
[2023-03-27 12:01:00,451]  - INFO - successfully load the obj :- C:\Users\Ranjit Singh\Desktop\coding\Data Scientist\NLP\Chrome_SearchBar-autoencoder-NLP\artifacts\03272023__115953\DataTransformation\Tokenizer\tokenizer.pkl
[2023-03-27 12:01:00,453]  - INFO - successfully load the obj :- C:\Users\Ranjit Singh\Desktop\coding\Data Scientist\NLP\Chrome_SearchBar-autoencoder-NLP\artifacts\03272023__115953\DataTransformation\lemmetized\lemmetizer.pkl
[2023-03-27 12:01:05,820]  - INFO - successfully load the obj :- C:\Users\Ranjit Singh\Desktop\coding\Data Scientist\NLP\Chrome_SearchBar-autoencoder-NLP\artifacts\03272023__115953\DataTransformation\wordindex\word_index.pkl
[2023-03-27 12:01:05,820]  - INFO - saved object file path :- C:\Users\Ranjit Singh\Desktop\coding\Data Scientist\NLP\Chrome_SearchBar-autoencoder-NLP\artifacts\03272023__115953\modelPusher\saved_models\lemmetizer.pkl
[2023-03-27 12:01:05,820]  - INFO - saved object file path :- C:\Users\Ranjit Singh\Desktop\coding\Data Scientist\NLP\Chrome_SearchBar-autoencoder-NLP\artifacts\03272023__115953\modelPusher\saved_models\tokenizer.pkl
[2023-03-27 12:01:05,836]  - INFO - saved object file path :- C:\Users\Ranjit Singh\Desktop\coding\Data Scientist\NLP\Chrome_SearchBar-autoencoder-NLP\artifacts\03272023__115953\modelPusher\saved_models\word_index.pkl
[2023-03-27 12:01:05,985]  - INFO - saved models in artifact -> pusherfiles
[2023-03-27 12:01:05,985]  - INFO - saved object file path :- saved_models\0\tokenizer\tokenizer.pkl
[2023-03-27 12:01:05,985]  - INFO - saved object file path :- saved_models\0\lemmetizer\lemmetizer.pkl
[2023-03-27 12:01:05,985]  - INFO - saved object file path :- saved_models\0\wordIndex\word_index.pkl
[2023-03-27 12:01:06,141]  - INFO - saved models in saved_models
