[2023-03-19 13:00:34,018]  - INFO - configuring all the dataIngestion path variable
[2023-03-19 13:00:34,018]  - INFO - arranging file path of all chrome history csv files in a list!
[2023-03-19 13:00:34,018]  - INFO - successfully configured
[2023-03-19 13:00:34,018]  - INFO - initiating DataIngestion
[2023-03-19 13:00:34,018]  - INFO - Merging all the csv files in one dataframe!
[2023-03-19 13:00:34,299]  - INFO - file size after merged :- (49449, 1)
[2023-03-19 13:00:34,440]  - INFO - initiated DataIngestion
[2023-03-19 13:00:34,440]  - INFO - initiating datavalidation class
[2023-03-19 13:00:34,641]  - INFO - writing Validationroport.yaml file
[2023-03-19 13:00:34,646]  - INFO - initiating the datacleaning instance methods!
[2023-03-19 13:00:34,713]  - INFO - dropping the duplicate history from history
[2023-03-19 13:00:34,726]  - INFO - successfully droped duplicacy, and now size :- (5946, 1)
[2023-03-19 13:00:34,726]  - INFO - remove less lenght and linc history !
[2023-03-19 13:00:34,890]  - INFO - successfully removed less length and linc, and now size :- (4695, 1)
[2023-03-19 13:00:34,890]  - INFO - cleaning unnecessay words and lowerise the sentences
[2023-03-19 13:00:35,448]  - INFO - successfully cleaned the text!
[2023-03-19 13:00:35,448]  - INFO - concatenating entire titles as a single str!
[2023-03-19 13:00:35,544]  - INFO - successfully concated entire text!
[2023-03-19 13:00:35,544]  - INFO - removing unneccessary extra spaces.
[2023-03-19 13:00:35,586]  - INFO - preparing final text data!
[2023-03-19 13:00:35,596]  - INFO - successfully prepared the final text with length :- 221069
[2023-03-19 13:00:35,597]  - INFO - saving the cleaned text file
[2023-03-19 13:00:35,603]  - INFO - successfully saved the cleaned text file !
[2023-03-19 13:00:35,625]  - INFO - read text file from C:\Users\Ranjit Singh\Desktop\Chrome_SearchBar-autoencoder-NLP\artifacts\03192023__130034\datacleaning\cleaned_file\cleaned_text_file.txt
[2023-03-19 13:00:37,530]  - INFO - text_data successfully lemmetized !
[2023-03-19 13:00:37,530]  - INFO - saving the lemmetized file at this position :- C:\Users\Ranjit Singh\Desktop\Chrome_SearchBar-autoencoder-NLP\artifacts\03192023__130034\DataTransformation\lemmetized\lemmetized.txt
[2023-03-19 13:00:37,530]  - INFO - saving the cleaned text file
[2023-03-19 13:00:37,546]  - INFO - successfully saved the cleaned text file !
