[2023-03-19 16:15:19,928]  - DEBUG - Falling back to TensorFlow client; we recommended you install the Cloud TPU client directly with pip install cloud-tpu-client.
[2023-03-19 16:15:20,259]  - DEBUG - Creating converter from 7 to 5
[2023-03-19 16:15:20,259]  - DEBUG - Creating converter from 5 to 7
[2023-03-19 16:15:20,259]  - DEBUG - Creating converter from 7 to 5
[2023-03-19 16:15:20,259]  - DEBUG - Creating converter from 5 to 7
[2023-03-19 16:15:22,846]  - INFO - configuring all the dataIngestion path variable
[2023-03-19 16:15:22,846]  - INFO - arranging file path of all chrome history csv files in a list!
[2023-03-19 16:15:22,862]  - INFO - successfully configured
[2023-03-19 16:15:22,862]  - INFO - initiating DataIngestion
[2023-03-19 16:15:22,862]  - INFO - Merging all the csv files in one dataframe!
[2023-03-19 16:15:23,128]  - INFO - file size after merged :- (49449, 1)
[2023-03-19 16:15:23,270]  - INFO - initiated DataIngestion
[2023-03-19 16:15:23,270]  - INFO - initiating datavalidation class
[2023-03-19 16:15:23,426]  - INFO - writing Validationroport.yaml file
[2023-03-19 16:15:23,442]  - INFO - initiating the datacleaning instance methods!
[2023-03-19 16:15:23,504]  - INFO - dropping the duplicate history from history
[2023-03-19 16:15:23,519]  - INFO - successfully droped duplicacy, and now size :- (5946, 1)
[2023-03-19 16:15:23,519]  - INFO - remove less lenght and linc history !
[2023-03-19 16:15:23,662]  - INFO - successfully removed less length and linc, and now size :- (4695, 1)
[2023-03-19 16:15:23,662]  - INFO - cleaning unnecessay words and lowerise the sentences
[2023-03-19 16:15:24,290]  - INFO - successfully cleaned the text!
[2023-03-19 16:15:24,290]  - INFO - concatenating entire titles as a single str!
[2023-03-19 16:15:24,354]  - INFO - successfully concated entire text!
[2023-03-19 16:15:24,355]  - INFO - removing unneccessary extra spaces.
[2023-03-19 16:15:24,395]  - INFO - preparing final text data!
[2023-03-19 16:15:24,404]  - INFO - successfully prepared the final text with length :- 221069
[2023-03-19 16:15:24,405]  - INFO - saving the cleaned text file
[2023-03-19 16:15:24,412]  - INFO - successfully saved the cleaned text file !
[2023-03-19 16:15:24,438]  - INFO - read text file from C:\Users\Ranjit Singh\Desktop\Chrome_SearchBar-autoencoder-NLP\artifacts\03192023__161522\datacleaning\cleaned_file\cleaned_text_file.txt
[2023-03-19 16:15:26,532]  - INFO - text_data successfully lemmetized !
[2023-03-19 16:15:26,532]  - INFO - saving the lemmetized file at this position :- C:\Users\Ranjit Singh\Desktop\Chrome_SearchBar-autoencoder-NLP\artifacts\03192023__161522\DataTransformation\lemmetized\lemmetized.txt
[2023-03-19 16:15:26,532]  - INFO - saving the cleaned text file
[2023-03-19 16:15:26,547]  - INFO - successfully saved the cleaned text file !
[2023-03-19 16:15:26,594]  - INFO - saved object file path :- C:\Users\Ranjit Singh\Desktop\Chrome_SearchBar-autoencoder-NLP\artifacts\03192023__161522\DataTransformation\wordindex\word_index.pkl
[2023-03-19 16:15:26,594]  - INFO - word index successfully save at this position :- C:\Users\Ranjit Singh\Desktop\Chrome_SearchBar-autoencoder-NLP\artifacts\03192023__161522\DataTransformation\wordindex\word_index.pkl
[2023-03-19 16:15:26,594]  - INFO - tokenizer successfully fit and saved on this position :- C:\Users\Ranjit Singh\Desktop\Chrome_SearchBar-autoencoder-NLP\artifacts\03192023__161522\DataTransformation\Tokenizer\tokenizer.pkl
[2023-03-19 16:15:26,641]  - INFO - saving the cleaned text file
[2023-03-19 16:15:26,657]  - INFO - successfully saved the cleaned text file !
[2023-03-19 16:15:26,657]  - INFO - sequence data textfile successfully saved at this position :- C:\Users\Ranjit Singh\Desktop\Chrome_SearchBar-autoencoder-NLP\artifacts\03192023__161522\DataTransformation\SequenceData\sequencedata.txt
[2023-03-19 16:15:26,657]  - INFO - saving transformed data !
[2023-03-19 16:15:26,657]  - INFO - successfully saved sequence numpy array !
[2023-03-19 16:15:26,751]  - INFO - successfully transformed the y_data !
[2023-03-19 16:15:26,751]  - INFO - saved object file path :- C:\Users\Ranjit Singh\Desktop\Chrome_SearchBar-autoencoder-NLP\artifacts\03192023__161522\DataTransformation\Trained_data\x_train.pkl
[2023-03-19 16:15:30,088]  - INFO - saved object file path :- C:\Users\Ranjit Singh\Desktop\Chrome_SearchBar-autoencoder-NLP\artifacts\03192023__161522\DataTransformation\Trained_data\y_train.pkl
[2023-03-19 16:15:30,088]  - INFO - succesfully saved your trained data at this position :- C:\Users\Ranjit Singh\Desktop\Chrome_SearchBar-autoencoder-NLP\artifacts\03192023__161522\DataTransformation\Trained_data
